'09/26/2018 02:28:02 PM' - DEBUG - ####################################开始测试 adder_guest_1 ####################################
'09/26/2018 02:28:02 PM' - DEBUG - ----------------------请求信息: ----------------------
'09/26/2018 02:28:02 PM' - DEBUG - 请求时间: 2018-09-26_14-28-02
'09/26/2018 02:28:02 PM' - DEBUG - module: 发布会模块
'09/26/2018 02:28:02 PM' - DEBUG - url: http://192.168.101.4:8000/api/add_event
'09/26/2018 02:28:02 PM' - DEBUG - method: POST
'09/26/2018 02:28:02 PM' - DEBUG - header: {'Accept': 'application/json, text/javascript, */*; q=0.01'}
'09/26/2018 02:28:02 PM' - DEBUG - cookie: 
'09/26/2018 02:28:02 PM' - DEBUG - data: {'eid': 100, 'name': '测试发布会100', 'limit': 999, 'status': 1, 'address': '深圳体育100馆', 'start_time': '2018-6-5 14:00:00'}
'09/26/2018 02:28:02 PM' - DEBUG - validators: [{'check': 'status', 'expect': 200}, {'check': 'message', 'expect': 'add event success'}]
'09/26/2018 02:28:02 PM' - DEBUG - relyDataKey: None
'09/26/2018 02:28:02 PM' - DEBUG - relyDataVal: None
'09/26/2018 02:28:02 PM' - DEBUG - ----------------------响应信息: ----------------------
'09/26/2018 02:28:02 PM' - DEBUG - 响应时间: 2018-09-26_14-28-02
'09/26/2018 02:28:02 PM' - DEBUG - 响应耗时: 0.03
'09/26/2018 02:28:02 PM' - INFO - 响应码: 200
'09/26/2018 02:28:02 PM' - INFO - 响应头: {'Date': 'Wed, 26 Sep 2018 06:28:02 GMT', 'Server': 'WSGIServer/0.2 CPython/3.6.4', 'Content-Type': 'application/json', 'X-Frame-Options': 'SAMEORIGIN', 'Content-Length': '55'}
'09/26/2018 02:28:02 PM' - ERROR - 用例adder_guest_1请求出错: 200 != 10022 : 预计结果不符:【status】预期结果【200】,实际结果【10022】
'09/26/2018 02:28:02 PM' - DEBUG - ####################################结束测试 adder_guest_1 ####################################
'09/26/2018 02:28:02 PM' - DEBUG - ####################################开始测试 adder_guest_2 ####################################
'09/26/2018 02:28:02 PM' - DEBUG - ----------------------请求信息: ----------------------
'09/26/2018 02:28:02 PM' - DEBUG - 请求时间: 2018-09-26_14-28-02
'09/26/2018 02:28:02 PM' - DEBUG - module: 发布会模块
'09/26/2018 02:28:02 PM' - DEBUG - url: http://192.168.101.4:8000/api/add_event
'09/26/2018 02:28:02 PM' - DEBUG - method: POST
'09/26/2018 02:28:02 PM' - DEBUG - header: {'Accept': 'application/json, text/javascript, */*; q=0.01'}
'09/26/2018 02:28:02 PM' - DEBUG - cookie: 
'09/26/2018 02:28:02 PM' - DEBUG - data: {'eid': None, 'name': '测试发布会100', 'limit': 999, 'status': 1, 'address': '深圳体育100馆', 'start_time': '2018-6-5 14:00:00'}
'09/26/2018 02:28:02 PM' - DEBUG - validators: [{'check': 'status', 'expect': 10021}, {'check': 'message', 'expect': 'parameter error'}]
'09/26/2018 02:28:02 PM' - DEBUG - relyDataKey: None
'09/26/2018 02:28:02 PM' - DEBUG - relyDataVal: None
'09/26/2018 02:28:02 PM' - DEBUG - ----------------------响应信息: ----------------------
'09/26/2018 02:28:02 PM' - DEBUG - 响应时间: 2018-09-26_14-28-02
'09/26/2018 02:28:02 PM' - DEBUG - 响应耗时: 0.01
'09/26/2018 02:28:02 PM' - INFO - 响应码: 200
'09/26/2018 02:28:02 PM' - INFO - 响应头: {'Date': 'Wed, 26 Sep 2018 06:28:02 GMT', 'Server': 'WSGIServer/0.2 CPython/3.6.4', 'Content-Type': 'application/json', 'X-Frame-Options': 'SAMEORIGIN', 'Content-Length': '47'}
'09/26/2018 02:28:02 PM' - INFO - 响应内容: {'status': 10021, 'message': 'parameter error'}
'09/26/2018 02:28:02 PM' - DEBUG - ####################################结束测试 adder_guest_2 ####################################
'09/26/2018 02:28:02 PM' - DEBUG - ####################################开始测试 adder_guest_3 ####################################
'09/26/2018 02:28:02 PM' - DEBUG - ----------------------请求信息: ----------------------
'09/26/2018 02:28:02 PM' - DEBUG - 请求时间: 2018-09-26_14-28-02
'09/26/2018 02:28:02 PM' - DEBUG - module: 发布会模块
'09/26/2018 02:28:02 PM' - DEBUG - url: http://192.168.101.4:8000/api/add_event
'09/26/2018 02:28:02 PM' - DEBUG - method: POST
'09/26/2018 02:28:02 PM' - DEBUG - header: {'Accept': 'application/json, text/javascript, */*; q=0.01'}
'09/26/2018 02:28:02 PM' - DEBUG - cookie: 
'09/26/2018 02:28:02 PM' - DEBUG - data: {'eid': 100, 'name': None, 'limit': 999, 'status': 1, 'address': '深圳体育100馆', 'start_time': '2018-6-5 14:00:00'}
'09/26/2018 02:28:02 PM' - DEBUG - validators: [{'check': 'status', 'expect': 10021}, {'check': 'message', 'expect': 'parameter error'}]
'09/26/2018 02:28:02 PM' - DEBUG - relyDataKey: None
'09/26/2018 02:28:02 PM' - DEBUG - relyDataVal: None
'09/26/2018 02:28:02 PM' - DEBUG - ----------------------响应信息: ----------------------
'09/26/2018 02:28:02 PM' - DEBUG - 响应时间: 2018-09-26_14-28-02
'09/26/2018 02:28:02 PM' - DEBUG - 响应耗时: 0.01
'09/26/2018 02:28:02 PM' - INFO - 响应码: 200
'09/26/2018 02:28:02 PM' - INFO - 响应头: {'Date': 'Wed, 26 Sep 2018 06:28:02 GMT', 'Server': 'WSGIServer/0.2 CPython/3.6.4', 'Content-Type': 'application/json', 'X-Frame-Options': 'SAMEORIGIN', 'Content-Length': '47'}
'09/26/2018 02:28:02 PM' - INFO - 响应内容: {'status': 10021, 'message': 'parameter error'}
'09/26/2018 02:28:02 PM' - DEBUG - ####################################结束测试 adder_guest_3 ####################################
'09/26/2018 02:28:02 PM' - DEBUG - ####################################开始测试 adder_guest_4 ####################################
'09/26/2018 02:28:02 PM' - DEBUG - ----------------------请求信息: ----------------------
'09/26/2018 02:28:02 PM' - DEBUG - 请求时间: 2018-09-26_14-28-02
'09/26/2018 02:28:02 PM' - DEBUG - module: 发布会模块
'09/26/2018 02:28:02 PM' - DEBUG - url: http://192.168.101.4:8000/api/add_event
'09/26/2018 02:28:02 PM' - DEBUG - method: POST
'09/26/2018 02:28:02 PM' - DEBUG - header: {'Accept': 'application/json, text/javascript, */*; q=0.01'}
'09/26/2018 02:28:02 PM' - DEBUG - cookie: 
'09/26/2018 02:28:02 PM' - DEBUG - data: {'eid': 100, 'name': '测试发布会100', 'limit': 999, 'status': 1, 'address': None, 'start_time': '2018-6-5 14:00:00'}
'09/26/2018 02:28:02 PM' - DEBUG - validators: [{'check': 'status', 'expect': 10021}, {'check': 'message', 'expect': 'parameter error'}]
'09/26/2018 02:28:02 PM' - DEBUG - relyDataKey: None
'09/26/2018 02:28:02 PM' - DEBUG - relyDataVal: None
'09/26/2018 02:28:02 PM' - DEBUG - ----------------------响应信息: ----------------------
'09/26/2018 02:28:02 PM' - DEBUG - 响应时间: 2018-09-26_14-28-02
'09/26/2018 02:28:02 PM' - DEBUG - 响应耗时: 0.02
'09/26/2018 02:28:02 PM' - INFO - 响应码: 200
'09/26/2018 02:28:02 PM' - INFO - 响应头: {'Date': 'Wed, 26 Sep 2018 06:28:02 GMT', 'Server': 'WSGIServer/0.2 CPython/3.6.4', 'Content-Type': 'application/json', 'X-Frame-Options': 'SAMEORIGIN', 'Content-Length': '47'}
'09/26/2018 02:28:02 PM' - INFO - 响应内容: {'status': 10021, 'message': 'parameter error'}
'09/26/2018 02:28:02 PM' - DEBUG - ####################################结束测试 adder_guest_4 ####################################
'09/26/2018 02:28:02 PM' - DEBUG - ####################################开始测试 adder_guest_5 ####################################
'09/26/2018 02:28:02 PM' - DEBUG - ----------------------请求信息: ----------------------
'09/26/2018 02:28:02 PM' - DEBUG - 请求时间: 2018-09-26_14-28-02
'09/26/2018 02:28:02 PM' - DEBUG - module: 发布会模块
'09/26/2018 02:28:02 PM' - DEBUG - url: http://192.168.101.4:8000/api/add_event
'09/26/2018 02:28:02 PM' - DEBUG - method: POST
'09/26/2018 02:28:02 PM' - DEBUG - header: {'Accept': 'application/json, text/javascript, */*; q=0.01'}
'09/26/2018 02:28:02 PM' - DEBUG - cookie: 
'09/26/2018 02:28:02 PM' - DEBUG - data: {'eid': 100, 'name': '测试发布会100', 'limit': 999, 'status': 1, 'address': None, 'start_time': '2018-6-5 14:00:00'}
'09/26/2018 02:28:02 PM' - DEBUG - validators: [{'check': 'status', 'expect': 10021}, {'check': 'message', 'expect': 'parameter error'}]
'09/26/2018 02:28:02 PM' - DEBUG - relyDataKey: None
'09/26/2018 02:28:02 PM' - DEBUG - relyDataVal: None
'09/26/2018 02:28:02 PM' - DEBUG - ----------------------响应信息: ----------------------
'09/26/2018 02:28:02 PM' - DEBUG - 响应时间: 2018-09-26_14-28-02
'09/26/2018 02:28:02 PM' - DEBUG - 响应耗时: 0.01
'09/26/2018 02:28:02 PM' - INFO - 响应码: 200
'09/26/2018 02:28:02 PM' - INFO - 响应头: {'Date': 'Wed, 26 Sep 2018 06:28:02 GMT', 'Server': 'WSGIServer/0.2 CPython/3.6.4', 'Content-Type': 'application/json', 'X-Frame-Options': 'SAMEORIGIN', 'Content-Length': '47'}
'09/26/2018 02:28:02 PM' - INFO - 响应内容: {'status': 10021, 'message': 'parameter error'}
'09/26/2018 02:28:02 PM' - DEBUG - ####################################结束测试 adder_guest_5 ####################################
'09/26/2018 02:28:02 PM' - DEBUG - ####################################开始测试 adder_guest_6 ####################################
'09/26/2018 02:28:02 PM' - DEBUG - ----------------------请求信息: ----------------------
'09/26/2018 02:28:02 PM' - DEBUG - 请求时间: 2018-09-26_14-28-02
'09/26/2018 02:28:02 PM' - DEBUG - module: 发布会模块
'09/26/2018 02:28:02 PM' - DEBUG - url: http://192.168.101.4:8000/api/add_event
'09/26/2018 02:28:02 PM' - DEBUG - method: POST
'09/26/2018 02:28:02 PM' - DEBUG - header: {'Accept': 'application/json, text/javascript, */*; q=0.01'}
'09/26/2018 02:28:02 PM' - DEBUG - cookie: 
'09/26/2018 02:28:02 PM' - DEBUG - data: {'eid': 100, 'name': '测试发布会100', 'limit': 999, 'status': 1, 'address': '深圳体育100馆', 'start_time': None}
'09/26/2018 02:28:02 PM' - DEBUG - validators: [{'check': 'status', 'expect': 10021}, {'check': 'message', 'expect': 'parameter error'}]
'09/26/2018 02:28:02 PM' - DEBUG - relyDataKey: None
'09/26/2018 02:28:02 PM' - DEBUG - relyDataVal: None
'09/26/2018 02:28:02 PM' - DEBUG - ----------------------响应信息: ----------------------
'09/26/2018 02:28:02 PM' - DEBUG - 响应时间: 2018-09-26_14-28-02
'09/26/2018 02:28:02 PM' - DEBUG - 响应耗时: 0.01
'09/26/2018 02:28:02 PM' - INFO - 响应码: 200
'09/26/2018 02:28:02 PM' - INFO - 响应头: {'Date': 'Wed, 26 Sep 2018 06:28:02 GMT', 'Server': 'WSGIServer/0.2 CPython/3.6.4', 'Content-Type': 'application/json', 'X-Frame-Options': 'SAMEORIGIN', 'Content-Length': '47'}
'09/26/2018 02:28:02 PM' - INFO - 响应内容: {'status': 10021, 'message': 'parameter error'}
'09/26/2018 02:28:02 PM' - DEBUG - ####################################结束测试 adder_guest_6 ####################################
'09/26/2018 02:28:02 PM' - DEBUG - ####################################开始测试 adder_guest_7 ####################################
'09/26/2018 02:28:02 PM' - DEBUG - ----------------------请求信息: ----------------------
'09/26/2018 02:28:02 PM' - DEBUG - 请求时间: 2018-09-26_14-28-02
'09/26/2018 02:28:02 PM' - DEBUG - module: 发布会模块
'09/26/2018 02:28:02 PM' - DEBUG - url: http://192.168.101.4:8000/api/add_event
'09/26/2018 02:28:02 PM' - DEBUG - method: POST
'09/26/2018 02:28:02 PM' - DEBUG - header: {'Accept': 'application/json, text/javascript, */*; q=0.01'}
'09/26/2018 02:28:02 PM' - DEBUG - cookie: 
'09/26/2018 02:28:02 PM' - DEBUG - data: {'eid': 5, 'name': '测试发布会100', 'limit': 999, 'status': 1, 'address': '深圳体育100馆', 'start_time': '2018-6-5 14:00:00'}
'09/26/2018 02:28:02 PM' - DEBUG - validators: [{'check': 'status', 'expect': 10022}, {'check': 'message', 'expect': 'event id already exists'}]
'09/26/2018 02:28:02 PM' - DEBUG - relyDataKey: None
'09/26/2018 02:28:02 PM' - DEBUG - relyDataVal: None
'09/26/2018 02:28:02 PM' - DEBUG - ----------------------响应信息: ----------------------
'09/26/2018 02:28:02 PM' - DEBUG - 响应时间: 2018-09-26_14-28-02
'09/26/2018 02:28:02 PM' - DEBUG - 响应耗时: 0.02
'09/26/2018 02:28:02 PM' - INFO - 响应码: 200
'09/26/2018 02:28:02 PM' - INFO - 响应头: {'Date': 'Wed, 26 Sep 2018 06:28:02 GMT', 'Server': 'WSGIServer/0.2 CPython/3.6.4', 'Content-Type': 'application/json', 'X-Frame-Options': 'SAMEORIGIN', 'Content-Length': '55'}
'09/26/2018 02:28:02 PM' - INFO - 响应内容: {'status': 10022, 'message': 'event id already exists'}
'09/26/2018 02:28:02 PM' - DEBUG - ####################################结束测试 adder_guest_7 ####################################
'09/26/2018 02:28:02 PM' - DEBUG - ####################################开始测试 adder_guest_8 ####################################
'09/26/2018 02:28:02 PM' - DEBUG - ----------------------请求信息: ----------------------
'09/26/2018 02:28:02 PM' - DEBUG - 请求时间: 2018-09-26_14-28-02
'09/26/2018 02:28:02 PM' - DEBUG - module: 发布会模块
'09/26/2018 02:28:02 PM' - DEBUG - url: http://192.168.101.4:8000/api/add_event
'09/26/2018 02:28:02 PM' - DEBUG - method: POST
'09/26/2018 02:28:02 PM' - DEBUG - header: {'Accept': 'application/json, text/javascript, */*; q=0.01'}
'09/26/2018 02:28:02 PM' - DEBUG - cookie: 
'09/26/2018 02:28:02 PM' - DEBUG - data: {'eid': 201, 'name': '小米mix2发布会', 'limit': 999, 'status': 1, 'address': '深圳体育100馆', 'start_time': '2018-6-5 14:00:00'}
'09/26/2018 02:28:02 PM' - DEBUG - validators: [{'check': 'status', 'expect': 10023}, {'check': 'message', 'expect': 'event name already exists'}]
'09/26/2018 02:28:02 PM' - DEBUG - relyDataKey: None
'09/26/2018 02:28:02 PM' - DEBUG - relyDataVal: None
'09/26/2018 02:28:02 PM' - DEBUG - ----------------------响应信息: ----------------------
'09/26/2018 02:28:02 PM' - DEBUG - 响应时间: 2018-09-26_14-28-02
'09/26/2018 02:28:02 PM' - DEBUG - 响应耗时: 0.03
'09/26/2018 02:28:02 PM' - INFO - 响应码: 200
'09/26/2018 02:28:02 PM' - INFO - 响应头: {'Date': 'Wed, 26 Sep 2018 06:28:02 GMT', 'Server': 'WSGIServer/0.2 CPython/3.6.4', 'Content-Type': 'application/json', 'X-Frame-Options': 'SAMEORIGIN', 'Content-Length': '57'}
'09/26/2018 02:28:02 PM' - INFO - 响应内容: {'status': 10023, 'message': 'event name already exists'}
'09/26/2018 02:28:02 PM' - DEBUG - ####################################结束测试 adder_guest_8 ####################################
'09/26/2018 02:28:02 PM' - DEBUG - ####################################开始测试 adder_guest_9 ####################################
'09/26/2018 02:28:02 PM' - DEBUG - ----------------------请求信息: ----------------------
'09/26/2018 02:28:02 PM' - DEBUG - 请求时间: 2018-09-26_14-28-02
'09/26/2018 02:28:02 PM' - DEBUG - module: 发布会模块
'09/26/2018 02:28:02 PM' - DEBUG - url: http://192.168.101.4:8000/api/add_event
'09/26/2018 02:28:02 PM' - DEBUG - method: POST
'09/26/2018 02:28:02 PM' - DEBUG - header: {'Accept': 'application/json, text/javascript, */*; q=0.01'}
'09/26/2018 02:28:02 PM' - DEBUG - cookie: 
'09/26/2018 02:28:02 PM' - DEBUG - data: {'eid': 201, 'name': '小米mix2发布会', 'limit': 999, 'status': 1, 'address': '深圳体育100馆', 'start_time': '20180605 14:00:00'}
'09/26/2018 02:28:02 PM' - DEBUG - validators: [{'check': 'status', 'expect': 10024}]
'09/26/2018 02:28:02 PM' - DEBUG - relyDataKey: None
'09/26/2018 02:28:02 PM' - DEBUG - relyDataVal: None
'09/26/2018 02:28:02 PM' - DEBUG - ----------------------响应信息: ----------------------
'09/26/2018 02:28:02 PM' - DEBUG - 响应时间: 2018-09-26_14-28-02
'09/26/2018 02:28:02 PM' - DEBUG - 响应耗时: 0.02
'09/26/2018 02:28:02 PM' - INFO - 响应码: 200
'09/26/2018 02:28:02 PM' - INFO - 响应头: {'Date': 'Wed, 26 Sep 2018 06:28:02 GMT', 'Server': 'WSGIServer/0.2 CPython/3.6.4', 'Content-Type': 'application/json', 'X-Frame-Options': 'SAMEORIGIN', 'Content-Length': '57'}
'09/26/2018 02:28:02 PM' - ERROR - 用例adder_guest_9请求出错: 10024 != 10023 : 预计结果不符:【status】预期结果【10024】,实际结果【10023】
'09/26/2018 02:28:02 PM' - DEBUG - ####################################结束测试 adder_guest_9 ####################################
'09/26/2018 02:28:02 PM' - DEBUG - ####################################开始测试 adder_guest_1 ####################################
'09/26/2018 02:28:02 PM' - DEBUG - ----------------------请求信息: ----------------------
'09/26/2018 02:28:02 PM' - DEBUG - 请求时间: 2018-09-26_14-28-02
'09/26/2018 02:28:02 PM' - DEBUG - module: 用户模块
'09/26/2018 02:28:02 PM' - DEBUG - url: http://192.168.101.4:8000/api/add_guest
'09/26/2018 02:28:02 PM' - DEBUG - method: POST
'09/26/2018 02:28:02 PM' - DEBUG - header: {'Accept': 'application/json, text/javascript, */*; q=0.01'}
'09/26/2018 02:28:02 PM' - DEBUG - cookie: 
'09/26/2018 02:28:02 PM' - DEBUG - data: {'eid': 100, 'realname': 'burrows20', 'phone': 13700000020, 'email': 'burrows20@test.com'}
'09/26/2018 02:28:02 PM' - DEBUG - validators: [{'check': 'status', 'expect': 200}]
'09/26/2018 02:28:02 PM' - DEBUG - relyDataKey: None
'09/26/2018 02:28:02 PM' - DEBUG - relyDataVal: None
'09/26/2018 02:28:02 PM' - DEBUG - ----------------------响应信息: ----------------------
'09/26/2018 02:28:02 PM' - DEBUG - 响应时间: 2018-09-26_14-28-02
'09/26/2018 02:28:02 PM' - DEBUG - 响应耗时: 0.03
'09/26/2018 02:28:02 PM' - INFO - 响应码: 200
'09/26/2018 02:28:02 PM' - INFO - 响应头: {'Date': 'Wed, 26 Sep 2018 06:28:02 GMT', 'Server': 'WSGIServer/0.2 CPython/3.6.4', 'Content-Type': 'application/json', 'X-Frame-Options': 'SAMEORIGIN', 'Content-Length': '49'}
'09/26/2018 02:28:02 PM' - ERROR - 用例adder_guest_1请求出错: 200 != 10025 : 预计结果不符:【status】预期结果【200】,实际结果【10025】
'09/26/2018 02:28:02 PM' - DEBUG - ####################################结束测试 adder_guest_1 ####################################
'09/26/2018 02:28:02 PM' - DEBUG - ####################################开始测试 adder_guest_2 ####################################
'09/26/2018 02:28:02 PM' - DEBUG - ----------------------请求信息: ----------------------
'09/26/2018 02:28:02 PM' - DEBUG - 请求时间: 2018-09-26_14-28-02
'09/26/2018 02:28:02 PM' - DEBUG - module: 用户模块
'09/26/2018 02:28:02 PM' - DEBUG - url: http://192.168.101.4:8000/api/add_guest
'09/26/2018 02:28:02 PM' - DEBUG - method: POST
'09/26/2018 02:28:02 PM' - DEBUG - header: {'Accept': 'application/json, text/javascript, */*; q=0.01'}
'09/26/2018 02:28:02 PM' - DEBUG - cookie: 
'09/26/2018 02:28:02 PM' - DEBUG - data: {'eid': None, 'realname': 'burrows20', 'phone': 13700000020, 'email': 'burrows20@est.com'}
'09/26/2018 02:28:02 PM' - DEBUG - validators: [{'check': 'status', 'expect': 10021}, {'check': 'message', 'expect': 'parameter error'}]
'09/26/2018 02:28:02 PM' - DEBUG - relyDataKey: None
'09/26/2018 02:28:02 PM' - DEBUG - relyDataVal: None
'09/26/2018 02:28:02 PM' - DEBUG - ----------------------响应信息: ----------------------
'09/26/2018 02:28:02 PM' - DEBUG - 响应时间: 2018-09-26_14-28-02
'09/26/2018 02:28:02 PM' - DEBUG - 响应耗时: 0.01
'09/26/2018 02:28:02 PM' - INFO - 响应码: 200
'09/26/2018 02:28:02 PM' - INFO - 响应头: {'Date': 'Wed, 26 Sep 2018 06:28:02 GMT', 'Server': 'WSGIServer/0.2 CPython/3.6.4', 'Content-Type': 'application/json', 'X-Frame-Options': 'SAMEORIGIN', 'Content-Length': '47'}
'09/26/2018 02:28:02 PM' - INFO - 响应内容: {'status': 10021, 'message': 'parameter error'}
'09/26/2018 02:28:02 PM' - DEBUG - ####################################结束测试 adder_guest_2 ####################################
'09/26/2018 02:28:02 PM' - DEBUG - ####################################开始测试 adder_guest_3 ####################################
'09/26/2018 02:28:02 PM' - DEBUG - ----------------------请求信息: ----------------------
'09/26/2018 02:28:02 PM' - DEBUG - 请求时间: 2018-09-26_14-28-02
'09/26/2018 02:28:02 PM' - DEBUG - module: 用户模块
'09/26/2018 02:28:02 PM' - DEBUG - url: http://192.168.101.4:8000/api/add_guest
'09/26/2018 02:28:02 PM' - DEBUG - method: POST
'09/26/2018 02:28:02 PM' - DEBUG - header: {'Accept': 'application/json, text/javascript, */*; q=0.01'}
'09/26/2018 02:28:02 PM' - DEBUG - cookie: 
'09/26/2018 02:28:02 PM' - DEBUG - data: {'eid': 19, 'realname': None, 'phone': 13700000020, 'email': 'burrows20@test.com'}
'09/26/2018 02:28:02 PM' - DEBUG - validators: [{'check': 'status', 'expect': 10021}, {'check': 'message', 'expect': 'parameter error'}]
'09/26/2018 02:28:02 PM' - DEBUG - relyDataKey: None
'09/26/2018 02:28:02 PM' - DEBUG - relyDataVal: None
'09/26/2018 02:28:02 PM' - DEBUG - ----------------------响应信息: ----------------------
'09/26/2018 02:28:02 PM' - DEBUG - 响应时间: 2018-09-26_14-28-02
'09/26/2018 02:28:02 PM' - DEBUG - 响应耗时: 0.01
'09/26/2018 02:28:02 PM' - INFO - 响应码: 200
'09/26/2018 02:28:02 PM' - INFO - 响应头: {'Date': 'Wed, 26 Sep 2018 06:28:02 GMT', 'Server': 'WSGIServer/0.2 CPython/3.6.4', 'Content-Type': 'application/json', 'X-Frame-Options': 'SAMEORIGIN', 'Content-Length': '47'}
'09/26/2018 02:28:02 PM' - INFO - 响应内容: {'status': 10021, 'message': 'parameter error'}
'09/26/2018 02:28:02 PM' - DEBUG - ####################################结束测试 adder_guest_3 ####################################
'09/26/2018 02:28:02 PM' - DEBUG - ####################################开始测试 adder_guest_4 ####################################
'09/26/2018 02:28:02 PM' - DEBUG - ----------------------请求信息: ----------------------
'09/26/2018 02:28:02 PM' - DEBUG - 请求时间: 2018-09-26_14-28-02
'09/26/2018 02:28:02 PM' - DEBUG - module: 用户模块
'09/26/2018 02:28:02 PM' - DEBUG - url: http://192.168.101.4:8000/api/add_guest
'09/26/2018 02:28:02 PM' - DEBUG - method: POST
'09/26/2018 02:28:02 PM' - DEBUG - header: {'Accept': 'application/json, text/javascript, */*; q=0.01'}
'09/26/2018 02:28:02 PM' - DEBUG - cookie: 
'09/26/2018 02:28:02 PM' - DEBUG - data: {'eid': 19, 'realname': 'burrows20', 'phone': None, 'email': 'burrows20@test.com'}
'09/26/2018 02:28:02 PM' - DEBUG - validators: [{'check': 'status', 'expect': 10021}, {'check': 'message', 'expect': 'parameter error'}]
'09/26/2018 02:28:02 PM' - DEBUG - relyDataKey: None
'09/26/2018 02:28:02 PM' - DEBUG - relyDataVal: None
'09/26/2018 02:28:02 PM' - DEBUG - ----------------------响应信息: ----------------------
'09/26/2018 02:28:02 PM' - DEBUG - 响应时间: 2018-09-26_14-28-02
'09/26/2018 02:28:02 PM' - DEBUG - 响应耗时: 0.01
'09/26/2018 02:28:02 PM' - INFO - 响应码: 200
'09/26/2018 02:28:02 PM' - INFO - 响应头: {'Date': 'Wed, 26 Sep 2018 06:28:02 GMT', 'Server': 'WSGIServer/0.2 CPython/3.6.4', 'Content-Type': 'application/json', 'X-Frame-Options': 'SAMEORIGIN', 'Content-Length': '47'}
'09/26/2018 02:28:02 PM' - INFO - 响应内容: {'status': 10021, 'message': 'parameter error'}
'09/26/2018 02:28:02 PM' - DEBUG - ####################################结束测试 adder_guest_4 ####################################
'09/26/2018 02:28:02 PM' - DEBUG - ####################################开始测试 adder_guest_5 ####################################
'09/26/2018 02:28:02 PM' - DEBUG - ----------------------请求信息: ----------------------
'09/26/2018 02:28:02 PM' - DEBUG - 请求时间: 2018-09-26_14-28-02
'09/26/2018 02:28:02 PM' - DEBUG - module: 用户模块
'09/26/2018 02:28:02 PM' - DEBUG - url: http://192.168.101.4:8000/api/add_guest
'09/26/2018 02:28:02 PM' - DEBUG - method: POST
'09/26/2018 02:28:02 PM' - DEBUG - header: {'Accept': 'application/json, text/javascript, */*; q=0.01'}
'09/26/2018 02:28:02 PM' - DEBUG - cookie: 
'09/26/2018 02:28:02 PM' - DEBUG - data: {'eid': 19, 'realname': 'burrows21', 'phone': 13700000021, 'email': 'burrows21@test.com'}
'09/26/2018 02:28:02 PM' - DEBUG - validators: [{'check': 'status', 'expect': 10022}, {'check': 'message', 'expect': 'event id null'}]
'09/26/2018 02:28:02 PM' - DEBUG - relyDataKey: None
'09/26/2018 02:28:02 PM' - DEBUG - relyDataVal: None
'09/26/2018 02:28:02 PM' - DEBUG - ----------------------响应信息: ----------------------
'09/26/2018 02:28:02 PM' - DEBUG - 响应时间: 2018-09-26_14-28-02
'09/26/2018 02:28:02 PM' - DEBUG - 响应耗时: 0.02
'09/26/2018 02:28:02 PM' - INFO - 响应码: 200
'09/26/2018 02:28:02 PM' - INFO - 响应头: {'Date': 'Wed, 26 Sep 2018 06:28:02 GMT', 'Server': 'WSGIServer/0.2 CPython/3.6.4', 'Content-Type': 'application/json', 'X-Frame-Options': 'SAMEORIGIN', 'Content-Length': '45'}
'09/26/2018 02:28:02 PM' - INFO - 响应内容: {'status': 10022, 'message': 'event id null'}
'09/26/2018 02:28:02 PM' - DEBUG - ####################################结束测试 adder_guest_5 ####################################
'09/26/2018 02:28:02 PM' - DEBUG - ####################################开始测试 adder_guest_6 ####################################
'09/26/2018 02:28:02 PM' - DEBUG - ----------------------请求信息: ----------------------
'09/26/2018 02:28:02 PM' - DEBUG - 请求时间: 2018-09-26_14-28-02
'09/26/2018 02:28:02 PM' - DEBUG - module: 用户模块
'09/26/2018 02:28:02 PM' - DEBUG - url: http://192.168.101.4:8000/api/add_guest
'09/26/2018 02:28:02 PM' - DEBUG - method: POST
'09/26/2018 02:28:02 PM' - DEBUG - header: {'Accept': 'application/json, text/javascript, */*; q=0.01'}
'09/26/2018 02:28:02 PM' - DEBUG - cookie: 
'09/26/2018 02:28:02 PM' - DEBUG - data: {'eid': 5, 'realname': 'burrows22', 'phone': 13700000022, 'email': 'burrows22@test.com'}
'09/26/2018 02:28:02 PM' - DEBUG - validators: [{'check': 'status', 'expect': 10023}, {'check': 'message', 'expect': 'event status is not available'}]
'09/26/2018 02:28:02 PM' - DEBUG - relyDataKey: None
'09/26/2018 02:28:02 PM' - DEBUG - relyDataVal: None
'09/26/2018 02:28:02 PM' - DEBUG - ----------------------响应信息: ----------------------
'09/26/2018 02:28:02 PM' - DEBUG - 响应时间: 2018-09-26_14-28-02
'09/26/2018 02:28:02 PM' - DEBUG - 响应耗时: 0.04
'09/26/2018 02:28:02 PM' - INFO - 响应码: 200
'09/26/2018 02:28:02 PM' - INFO - 响应头: {'Date': 'Wed, 26 Sep 2018 06:28:02 GMT', 'Server': 'WSGIServer/0.2 CPython/3.6.4', 'Content-Type': 'application/json', 'X-Frame-Options': 'SAMEORIGIN', 'Content-Length': '61'}
'09/26/2018 02:28:02 PM' - INFO - 响应内容: {'status': 10023, 'message': 'event status is not available'}
'09/26/2018 02:28:02 PM' - DEBUG - ####################################结束测试 adder_guest_6 ####################################
'09/26/2018 02:28:02 PM' - DEBUG - ####################################开始测试 adder_guest_7 ####################################
'09/26/2018 02:28:02 PM' - DEBUG - ----------------------请求信息: ----------------------
'09/26/2018 02:28:02 PM' - DEBUG - 请求时间: 2018-09-26_14-28-02
'09/26/2018 02:28:02 PM' - DEBUG - module: 用户模块
'09/26/2018 02:28:02 PM' - DEBUG - url: http://192.168.101.4:8000/api/add_guest
'09/26/2018 02:28:02 PM' - DEBUG - method: POST
'09/26/2018 02:28:02 PM' - DEBUG - header: {'Accept': 'application/json, text/javascript, */*; q=0.01'}
'09/26/2018 02:28:02 PM' - DEBUG - cookie: 
'09/26/2018 02:28:02 PM' - DEBUG - data: {'eid': 102, 'realname': 'burrows22', 'phone': 13700000022, 'email': 'burrows22@test.com'}
'09/26/2018 02:28:02 PM' - DEBUG - validators: [{'check': 'status', 'expect': 10024}, {'check': 'message', 'expect': 'event number is full'}]
'09/26/2018 02:28:02 PM' - DEBUG - relyDataKey: None
'09/26/2018 02:28:02 PM' - DEBUG - relyDataVal: None
'09/26/2018 02:28:02 PM' - DEBUG - ----------------------响应信息: ----------------------
'09/26/2018 02:28:02 PM' - DEBUG - 响应时间: 2018-09-26_14-28-02
'09/26/2018 02:28:02 PM' - DEBUG - 响应耗时: 0.03
'09/26/2018 02:28:02 PM' - INFO - 响应码: 200
'09/26/2018 02:28:02 PM' - INFO - 响应头: {'Date': 'Wed, 26 Sep 2018 06:28:02 GMT', 'Server': 'WSGIServer/0.2 CPython/3.6.4', 'Content-Type': 'application/json', 'X-Frame-Options': 'SAMEORIGIN', 'Content-Length': '52'}
'09/26/2018 02:28:02 PM' - INFO - 响应内容: {'status': 10024, 'message': 'event number is full'}
'09/26/2018 02:28:02 PM' - DEBUG - ####################################结束测试 adder_guest_7 ####################################
'09/26/2018 02:28:02 PM' - DEBUG - ####################################开始测试 adder_guest_8 ####################################
'09/26/2018 02:28:02 PM' - DEBUG - ----------------------请求信息: ----------------------
'09/26/2018 02:28:02 PM' - DEBUG - 请求时间: 2018-09-26_14-28-02
'09/26/2018 02:28:02 PM' - DEBUG - module: 用户模块
'09/26/2018 02:28:02 PM' - DEBUG - url: http://192.168.101.4:8000/api/add_guest
'09/26/2018 02:28:02 PM' - DEBUG - method: POST
'09/26/2018 02:28:02 PM' - DEBUG - header: {'Accept': 'application/json, text/javascript, */*; q=0.01'}
'09/26/2018 02:28:02 PM' - DEBUG - cookie: 
'09/26/2018 02:28:02 PM' - DEBUG - data: {'eid': 101, 'realname': 'burrows23', 'phone': 13700000023, 'email': 'burrows23@test.com'}
'09/26/2018 02:28:02 PM' - DEBUG - validators: [{'check': 'status', 'expect': 10025}, {'check': 'message', 'expect': 'event has started'}]
'09/26/2018 02:28:02 PM' - DEBUG - relyDataKey: None
'09/26/2018 02:28:02 PM' - DEBUG - relyDataVal: None
'09/26/2018 02:28:02 PM' - DEBUG - ----------------------响应信息: ----------------------
'09/26/2018 02:28:02 PM' - DEBUG - 响应时间: 2018-09-26_14-28-02
'09/26/2018 02:28:02 PM' - DEBUG - 响应耗时: 0.03
'09/26/2018 02:28:02 PM' - INFO - 响应码: 200
'09/26/2018 02:28:02 PM' - INFO - 响应头: {'Date': 'Wed, 26 Sep 2018 06:28:02 GMT', 'Server': 'WSGIServer/0.2 CPython/3.6.4', 'Content-Type': 'application/json', 'X-Frame-Options': 'SAMEORIGIN', 'Content-Length': '49'}
'09/26/2018 02:28:02 PM' - INFO - 响应内容: {'status': 10025, 'message': 'event has started'}
'09/26/2018 02:28:02 PM' - DEBUG - ####################################结束测试 adder_guest_8 ####################################
'09/26/2018 02:28:02 PM' - DEBUG - ####################################开始测试 get_guest_1 ####################################
'09/26/2018 02:28:02 PM' - DEBUG - ----------------------请求信息: ----------------------
'09/26/2018 02:28:02 PM' - DEBUG - 请求时间: 2018-09-26_14-28-02
'09/26/2018 02:28:02 PM' - DEBUG - module: 用户模块
'09/26/2018 02:28:02 PM' - DEBUG - url: http://192.168.101.4:8000/api/get_guest_list
'09/26/2018 02:28:02 PM' - DEBUG - method: GET
'09/26/2018 02:28:02 PM' - DEBUG - header: {'Accept': 'application/json, text/javascript, */*; q=0.01'}
'09/26/2018 02:28:02 PM' - DEBUG - cookie: 
'09/26/2018 02:28:02 PM' - DEBUG - data: {'eid': 5}
'09/26/2018 02:28:02 PM' - DEBUG - validators: [{'check': 'status', 'expect': 200}]
'09/26/2018 02:28:02 PM' - DEBUG - relyDataKey: phone
'09/26/2018 02:28:02 PM' - DEBUG - relyDataVal: None
'09/26/2018 02:28:03 PM' - ERROR - 用例get_guest_1请求出错: list index out of range
'09/26/2018 02:28:03 PM' - DEBUG - ####################################结束测试 get_guest_1 ####################################
'09/26/2018 02:28:03 PM' - DEBUG - ####################################开始测试 get_guest_2 ####################################
'09/26/2018 02:28:03 PM' - DEBUG - ----------------------请求信息: ----------------------
'09/26/2018 02:28:03 PM' - DEBUG - 请求时间: 2018-09-26_14-28-03
'09/26/2018 02:28:03 PM' - DEBUG - module: 用户模块
'09/26/2018 02:28:03 PM' - DEBUG - url: http://192.168.101.4:8000/api/get_guest_list
'09/26/2018 02:28:03 PM' - DEBUG - method: GET
'09/26/2018 02:28:03 PM' - DEBUG - header: {'Accept': 'application/json, text/javascript, */*; q=0.01'}
'09/26/2018 02:28:03 PM' - DEBUG - cookie: 
'09/26/2018 02:28:03 PM' - DEBUG - data: 
'09/26/2018 02:28:03 PM' - DEBUG - validators: [{'check': 'status', 'expect': 10021}, {'check': 'message', 'expect': 'eid cannot be empty'}]
'09/26/2018 02:28:03 PM' - DEBUG - relyDataKey: None
'09/26/2018 02:28:03 PM' - DEBUG - relyDataVal: None
'09/26/2018 02:28:03 PM' - DEBUG - ----------------------响应信息: ----------------------
'09/26/2018 02:28:03 PM' - DEBUG - 响应时间: 2018-09-26_14-28-03
'09/26/2018 02:28:03 PM' - DEBUG - 响应耗时: 0.02
'09/26/2018 02:28:03 PM' - INFO - 响应码: 200
'09/26/2018 02:28:03 PM' - INFO - 响应头: {'Date': 'Wed, 26 Sep 2018 06:28:03 GMT', 'Server': 'WSGIServer/0.2 CPython/3.6.4', 'Content-Type': 'application/json', 'X-Frame-Options': 'SAMEORIGIN', 'Content-Length': '51'}
'09/26/2018 02:28:03 PM' - INFO - 响应内容: {'status': 10021, 'message': 'eid cannot be empty'}
'09/26/2018 02:28:03 PM' - DEBUG - ####################################结束测试 get_guest_2 ####################################
'09/26/2018 02:28:03 PM' - DEBUG - ####################################开始测试 get_guest_3 ####################################
'09/26/2018 02:28:03 PM' - DEBUG - ----------------------请求信息: ----------------------
'09/26/2018 02:28:03 PM' - DEBUG - 请求时间: 2018-09-26_14-28-03
'09/26/2018 02:28:03 PM' - DEBUG - module: 用户模块
'09/26/2018 02:28:03 PM' - DEBUG - url: http://192.168.101.4:8000/api/get_guest_list
'09/26/2018 02:28:03 PM' - DEBUG - method: GET
'09/26/2018 02:28:03 PM' - DEBUG - header: {'Accept': 'application/json, text/javascript, */*; q=0.01'}
'09/26/2018 02:28:03 PM' - DEBUG - cookie: 
'09/26/2018 02:28:03 PM' - DEBUG - data: {'eid': None}
'09/26/2018 02:28:03 PM' - DEBUG - validators: [{'check': 'status', 'expect': 10021}, {'check': 'message', 'expect': 'eid cannot be empty'}]
'09/26/2018 02:28:03 PM' - DEBUG - relyDataKey: None
'09/26/2018 02:28:03 PM' - DEBUG - relyDataVal: None
'09/26/2018 02:28:03 PM' - DEBUG - ----------------------响应信息: ----------------------
'09/26/2018 02:28:03 PM' - DEBUG - 响应时间: 2018-09-26_14-28-03
'09/26/2018 02:28:03 PM' - DEBUG - 响应耗时: 0.01
'09/26/2018 02:28:03 PM' - INFO - 响应码: 200
'09/26/2018 02:28:03 PM' - INFO - 响应头: {'Date': 'Wed, 26 Sep 2018 06:28:03 GMT', 'Server': 'WSGIServer/0.2 CPython/3.6.4', 'Content-Type': 'application/json', 'X-Frame-Options': 'SAMEORIGIN', 'Content-Length': '51'}
'09/26/2018 02:28:03 PM' - INFO - 响应内容: {'status': 10021, 'message': 'eid cannot be empty'}
'09/26/2018 02:28:03 PM' - DEBUG - ####################################结束测试 get_guest_3 ####################################
'09/26/2018 02:28:03 PM' - DEBUG - ####################################开始测试 get_guest_4 ####################################
'09/26/2018 02:28:03 PM' - DEBUG - ----------------------请求信息: ----------------------
'09/26/2018 02:28:03 PM' - DEBUG - 请求时间: 2018-09-26_14-28-03
'09/26/2018 02:28:03 PM' - DEBUG - module: 用户模块
'09/26/2018 02:28:03 PM' - DEBUG - url: http://192.168.101.4:8000/api/get_guest_list
'09/26/2018 02:28:03 PM' - DEBUG - method: GET
'09/26/2018 02:28:03 PM' - DEBUG - header: {'Accept': 'application/json, text/javascript, */*; q=0.01'}
'09/26/2018 02:28:03 PM' - DEBUG - cookie: 
'09/26/2018 02:28:03 PM' - DEBUG - data: {'phone': 13700000004}
'09/26/2018 02:28:03 PM' - DEBUG - validators: [{'check': 'status', 'expect': 10021}, {'check': 'message', 'expect': 'eid cannot be empty'}]
'09/26/2018 02:28:03 PM' - DEBUG - relyDataKey: None
'09/26/2018 02:28:03 PM' - DEBUG - relyDataVal: {'relyDataSrc': 'phone', 'relyDataDes': 'phone'}
'09/26/2018 02:28:03 PM' - DEBUG - ----------------------响应信息: ----------------------
'09/26/2018 02:28:03 PM' - DEBUG - 响应时间: 2018-09-26_14-28-03
'09/26/2018 02:28:03 PM' - DEBUG - 响应耗时: 0.01
'09/26/2018 02:28:03 PM' - INFO - 响应码: 200
'09/26/2018 02:28:03 PM' - INFO - 响应头: {'Date': 'Wed, 26 Sep 2018 06:28:03 GMT', 'Server': 'WSGIServer/0.2 CPython/3.6.4', 'Content-Type': 'application/json', 'X-Frame-Options': 'SAMEORIGIN', 'Content-Length': '51'}
'09/26/2018 02:28:03 PM' - INFO - 响应内容: {'status': 10021, 'message': 'eid cannot be empty'}
'09/26/2018 02:28:03 PM' - DEBUG - ####################################结束测试 get_guest_4 ####################################
'09/26/2018 02:28:03 PM' - DEBUG - ####################################开始测试 get_guest_5 ####################################
'09/26/2018 02:28:03 PM' - DEBUG - ----------------------请求信息: ----------------------
'09/26/2018 02:28:03 PM' - DEBUG - 请求时间: 2018-09-26_14-28-03
'09/26/2018 02:28:03 PM' - DEBUG - module: 用户模块
'09/26/2018 02:28:03 PM' - DEBUG - url: http://192.168.101.4:8000/api/get_guest_list
'09/26/2018 02:28:03 PM' - DEBUG - method: GET
'09/26/2018 02:28:03 PM' - DEBUG - header: {'Accept': 'application/json, text/javascript, */*; q=0.01'}
'09/26/2018 02:28:03 PM' - DEBUG - cookie: 
'09/26/2018 02:28:03 PM' - DEBUG - data: {'eid': 19}
'09/26/2018 02:28:03 PM' - DEBUG - validators: [{'check': 'status', 'expect': 200}, {'check': 'message', 'expect': 'success'}]
'09/26/2018 02:28:03 PM' - DEBUG - relyDataKey: None
'09/26/2018 02:28:03 PM' - DEBUG - relyDataVal: None
'09/26/2018 02:28:03 PM' - DEBUG - ----------------------响应信息: ----------------------
'09/26/2018 02:28:03 PM' - DEBUG - 响应时间: 2018-09-26_14-28-03
'09/26/2018 02:28:03 PM' - DEBUG - 响应耗时: 0.04
'09/26/2018 02:28:03 PM' - INFO - 响应码: 200
'09/26/2018 02:28:03 PM' - INFO - 响应头: {'Date': 'Wed, 26 Sep 2018 06:28:03 GMT', 'Server': 'WSGIServer/0.2 CPython/3.6.4', 'Content-Type': 'application/json', 'X-Frame-Options': 'SAMEORIGIN', 'Content-Length': '53'}
'09/26/2018 02:28:03 PM' - ERROR - 用例get_guest_5请求出错: 200 != 10022 : 预计结果不符:【status】预期结果【200】,实际结果【10022】
'09/26/2018 02:28:03 PM' - DEBUG - ####################################结束测试 get_guest_5 ####################################
'09/26/2018 02:28:03 PM' - DEBUG - ####################################开始测试 get_guest_6 ####################################
'09/26/2018 02:28:03 PM' - DEBUG - ----------------------请求信息: ----------------------
'09/26/2018 02:28:03 PM' - DEBUG - 请求时间: 2018-09-26_14-28-03
'09/26/2018 02:28:03 PM' - DEBUG - module: 用户模块
'09/26/2018 02:28:03 PM' - DEBUG - url: http://192.168.101.4:8000/api/get_guest_list
'09/26/2018 02:28:03 PM' - DEBUG - method: GET
'09/26/2018 02:28:03 PM' - DEBUG - header: {'Accept': 'application/json, text/javascript, */*; q=0.01'}
'09/26/2018 02:28:03 PM' - DEBUG - cookie: 
'09/26/2018 02:28:03 PM' - DEBUG - data: {'eid': 666}
'09/26/2018 02:28:03 PM' - DEBUG - validators: [{'check': 'status', 'expect': 10022}, {'check': 'message', 'expect': 'query result is empty'}]
'09/26/2018 02:28:03 PM' - DEBUG - relyDataKey: None
'09/26/2018 02:28:03 PM' - DEBUG - relyDataVal: None
'09/26/2018 02:28:03 PM' - DEBUG - ----------------------响应信息: ----------------------
'09/26/2018 02:28:03 PM' - DEBUG - 响应时间: 2018-09-26_14-28-03
'09/26/2018 02:28:03 PM' - DEBUG - 响应耗时: 0.02
'09/26/2018 02:28:03 PM' - INFO - 响应码: 200
'09/26/2018 02:28:03 PM' - INFO - 响应头: {'Date': 'Wed, 26 Sep 2018 06:28:03 GMT', 'Server': 'WSGIServer/0.2 CPython/3.6.4', 'Content-Type': 'application/json', 'X-Frame-Options': 'SAMEORIGIN', 'Content-Length': '53'}
'09/26/2018 02:28:03 PM' - INFO - 响应内容: {'status': 10022, 'message': 'query result is empty'}
'09/26/2018 02:28:03 PM' - DEBUG - ####################################结束测试 get_guest_6 ####################################
'09/26/2018 02:28:03 PM' - DEBUG - ####################################开始测试 login_1 ####################################
'09/26/2018 02:28:03 PM' - DEBUG - ----------------------请求信息: ----------------------
'09/26/2018 02:28:03 PM' - DEBUG - 请求时间: 2018-09-26_14-28-03
'09/26/2018 02:28:03 PM' - DEBUG - module: 用户模块
'09/26/2018 02:28:03 PM' - DEBUG - url: http://192.168.101.4:8000/api/user_login
'09/26/2018 02:28:03 PM' - DEBUG - method: POST
'09/26/2018 02:28:03 PM' - DEBUG - header: {'Accept': 'application/json, text/javascript, */*; q=0.01'}
'09/26/2018 02:28:03 PM' - DEBUG - cookie: 
'09/26/2018 02:28:03 PM' - DEBUG - data: {'username': 'admin', 'password': 'admin123456'}
'09/26/2018 02:28:03 PM' - DEBUG - validators: [{'check': 'status', 'expect': 200}, {'check': 'message', 'expect': 'login success'}]
'09/26/2018 02:28:03 PM' - DEBUG - relyDataKey: None
'09/26/2018 02:28:03 PM' - DEBUG - relyDataVal: None
'09/26/2018 02:28:03 PM' - DEBUG - ----------------------响应信息: ----------------------
'09/26/2018 02:28:03 PM' - DEBUG - 响应时间: 2018-09-26_14-28-03
'09/26/2018 02:28:03 PM' - DEBUG - 响应耗时: 0.02
'09/26/2018 02:28:03 PM' - INFO - 响应码: 200
'09/26/2018 02:28:03 PM' - INFO - 响应头: {'Date': 'Wed, 26 Sep 2018 06:28:03 GMT', 'Server': 'WSGIServer/0.2 CPython/3.6.4', 'Content-Type': 'application/json', 'X-Frame-Options': 'SAMEORIGIN', 'Content-Length': '44'}
'09/26/2018 02:28:03 PM' - INFO - 响应内容: {'status': 200, 'message': 'login success!'}
'09/26/2018 02:28:03 PM' - DEBUG - ####################################结束测试 login_1 ####################################
'09/26/2018 02:28:03 PM' - DEBUG - ####################################开始测试 login_2 ####################################
'09/26/2018 02:28:03 PM' - DEBUG - ----------------------请求信息: ----------------------
'09/26/2018 02:28:03 PM' - DEBUG - 请求时间: 2018-09-26_14-28-03
'09/26/2018 02:28:03 PM' - DEBUG - module: 用户模块
'09/26/2018 02:28:03 PM' - DEBUG - url: http://192.168.101.4:8000/api/user_login
'09/26/2018 02:28:03 PM' - DEBUG - method: POST
'09/26/2018 02:28:03 PM' - DEBUG - header: {'Accept': 'application/json, text/javascript, */*; q=0.01'}
'09/26/2018 02:28:03 PM' - DEBUG - cookie: 
'09/26/2018 02:28:03 PM' - DEBUG - data: {'username': 'test1234', 'password': 'admin123456'}
'09/26/2018 02:28:03 PM' - DEBUG - validators: [{'check': 'status', 'expect': 10023}, {'check': 'message', 'expect': 'username or password error'}]
'09/26/2018 02:28:03 PM' - DEBUG - relyDataKey: None
'09/26/2018 02:28:03 PM' - DEBUG - relyDataVal: None
'09/26/2018 02:28:03 PM' - DEBUG - ----------------------响应信息: ----------------------
'09/26/2018 02:28:03 PM' - DEBUG - 响应时间: 2018-09-26_14-28-03
'09/26/2018 02:28:03 PM' - DEBUG - 响应耗时: 0.01
'09/26/2018 02:28:03 PM' - INFO - 响应码: 200
'09/26/2018 02:28:03 PM' - INFO - 响应头: {'Date': 'Wed, 26 Sep 2018 06:28:03 GMT', 'Server': 'WSGIServer/0.2 CPython/3.6.4', 'Content-Type': 'application/json', 'X-Frame-Options': 'SAMEORIGIN', 'Content-Length': '59'}
'09/26/2018 02:28:03 PM' - INFO - 响应内容: {'status': 10023, 'message': 'username or password error!'}
'09/26/2018 02:28:03 PM' - DEBUG - ####################################结束测试 login_2 ####################################
'09/26/2018 02:28:03 PM' - DEBUG - ####################################开始测试 login_3 ####################################
'09/26/2018 02:28:03 PM' - DEBUG - ----------------------请求信息: ----------------------
'09/26/2018 02:28:03 PM' - DEBUG - 请求时间: 2018-09-26_14-28-03
'09/26/2018 02:28:03 PM' - DEBUG - module: 用户模块
'09/26/2018 02:28:03 PM' - DEBUG - url: http://192.168.101.4:8000/api/user_login
'09/26/2018 02:28:03 PM' - DEBUG - method: POST
'09/26/2018 02:28:03 PM' - DEBUG - header: {'Accept': 'application/json, text/javascript, */*; q=0.01'}
'09/26/2018 02:28:03 PM' - DEBUG - cookie: 
'09/26/2018 02:28:03 PM' - DEBUG - data: {'username': 'admin', 'password': 'admin12345678'}
'09/26/2018 02:28:03 PM' - DEBUG - validators: [{'check': 'status', 'expect': 10023}, {'check': 'message', 'expect': 'username or password error'}]
'09/26/2018 02:28:03 PM' - DEBUG - relyDataKey: None
'09/26/2018 02:28:03 PM' - DEBUG - relyDataVal: None
'09/26/2018 02:28:03 PM' - DEBUG - ----------------------响应信息: ----------------------
'09/26/2018 02:28:03 PM' - DEBUG - 响应时间: 2018-09-26_14-28-03
'09/26/2018 02:28:03 PM' - DEBUG - 响应耗时: 0.01
'09/26/2018 02:28:03 PM' - INFO - 响应码: 200
'09/26/2018 02:28:03 PM' - INFO - 响应头: {'Date': 'Wed, 26 Sep 2018 06:28:03 GMT', 'Server': 'WSGIServer/0.2 CPython/3.6.4', 'Content-Type': 'application/json', 'X-Frame-Options': 'SAMEORIGIN', 'Content-Length': '59'}
'09/26/2018 02:28:03 PM' - INFO - 响应内容: {'status': 10023, 'message': 'username or password error!'}
'09/26/2018 02:28:03 PM' - DEBUG - ####################################结束测试 login_3 ####################################
'09/26/2018 02:28:03 PM' - DEBUG - ####################################开始测试 login_4 ####################################
'09/26/2018 02:28:03 PM' - DEBUG - ----------------------请求信息: ----------------------
'09/26/2018 02:28:03 PM' - DEBUG - 请求时间: 2018-09-26_14-28-03
'09/26/2018 02:28:03 PM' - DEBUG - module: 用户模块
'09/26/2018 02:28:03 PM' - DEBUG - url: http://192.168.101.4:8000/api/user_login
'09/26/2018 02:28:03 PM' - DEBUG - method: POST
'09/26/2018 02:28:03 PM' - DEBUG - header: {'Accept': 'application/json, text/javascript, */*; q=0.01'}
'09/26/2018 02:28:03 PM' - DEBUG - cookie: 
'09/26/2018 02:28:03 PM' - DEBUG - data: {'username': '', 'password': 'admin12345678'}
'09/26/2018 02:28:03 PM' - DEBUG - validators: [{'check': 'status', 'expect': 10021}, {'check': 'message', 'expect': 'username or password can not empty'}]
'09/26/2018 02:28:03 PM' - DEBUG - relyDataKey: None
'09/26/2018 02:28:03 PM' - DEBUG - relyDataVal: None
'09/26/2018 02:28:03 PM' - DEBUG - ----------------------响应信息: ----------------------
'09/26/2018 02:28:03 PM' - DEBUG - 响应时间: 2018-09-26_14-28-03
'09/26/2018 02:28:03 PM' - DEBUG - 响应耗时: 0.01
'09/26/2018 02:28:03 PM' - INFO - 响应码: 200
'09/26/2018 02:28:03 PM' - INFO - 响应头: {'Date': 'Wed, 26 Sep 2018 06:28:03 GMT', 'Server': 'WSGIServer/0.2 CPython/3.6.4', 'Content-Type': 'application/json', 'X-Frame-Options': 'SAMEORIGIN', 'Content-Length': '67'}
'09/26/2018 02:28:03 PM' - INFO - 响应内容: {'status': 10021, 'message': 'username or password can not empty!'}
'09/26/2018 02:28:03 PM' - DEBUG - ####################################结束测试 login_4 ####################################
'09/26/2018 02:28:03 PM' - DEBUG - ####################################开始测试 login_5 ####################################
'09/26/2018 02:28:03 PM' - DEBUG - ----------------------请求信息: ----------------------
'09/26/2018 02:28:03 PM' - DEBUG - 请求时间: 2018-09-26_14-28-03
'09/26/2018 02:28:03 PM' - DEBUG - module: 用户模块
'09/26/2018 02:28:03 PM' - DEBUG - url: http://192.168.101.4:8000/api/user_login
'09/26/2018 02:28:03 PM' - DEBUG - method: POST
'09/26/2018 02:28:03 PM' - DEBUG - header: {'Accept': 'application/json, text/javascript, */*; q=0.01'}
'09/26/2018 02:28:03 PM' - DEBUG - cookie: 
'09/26/2018 02:28:03 PM' - DEBUG - data: {'username': 'admin', 'password': ''}
'09/26/2018 02:28:03 PM' - DEBUG - validators: [{'check': 'status', 'expect': 10021}, {'check': 'message', 'expect': 'username or password can not empty'}]
'09/26/2018 02:28:03 PM' - DEBUG - relyDataKey: None
'09/26/2018 02:28:03 PM' - DEBUG - relyDataVal: None
'09/26/2018 02:28:03 PM' - DEBUG - ----------------------响应信息: ----------------------
'09/26/2018 02:28:03 PM' - DEBUG - 响应时间: 2018-09-26_14-28-03
'09/26/2018 02:28:03 PM' - DEBUG - 响应耗时: 0.01
'09/26/2018 02:28:03 PM' - INFO - 响应码: 200
'09/26/2018 02:28:03 PM' - INFO - 响应头: {'Date': 'Wed, 26 Sep 2018 06:28:03 GMT', 'Server': 'WSGIServer/0.2 CPython/3.6.4', 'Content-Type': 'application/json', 'X-Frame-Options': 'SAMEORIGIN', 'Content-Length': '67'}
'09/26/2018 02:28:03 PM' - INFO - 响应内容: {'status': 10021, 'message': 'username or password can not empty!'}
'09/26/2018 02:28:03 PM' - DEBUG - ####################################结束测试 login_5 ####################################
'09/26/2018 02:28:03 PM' - DEBUG - ####################################开始测试 login_6 ####################################
'09/26/2018 02:28:03 PM' - DEBUG - ----------------------请求信息: ----------------------
'09/26/2018 02:28:03 PM' - DEBUG - 请求时间: 2018-09-26_14-28-03
'09/26/2018 02:28:03 PM' - DEBUG - module: 用户模块
'09/26/2018 02:28:03 PM' - DEBUG - url: http://192.168.101.4:8000/api/user_login
'09/26/2018 02:28:03 PM' - DEBUG - method: POST
'09/26/2018 02:28:03 PM' - DEBUG - header: {'Accept': 'application/json, text/javascript, */*; q=0.01'}
'09/26/2018 02:28:03 PM' - DEBUG - cookie: 
'09/26/2018 02:28:03 PM' - DEBUG - data: {'username': '', 'password': ''}
'09/26/2018 02:28:03 PM' - DEBUG - validators: [{'check': 'status', 'expect': 10021}, {'check': 'message', 'expect': 'username or password can not empty'}]
'09/26/2018 02:28:03 PM' - DEBUG - relyDataKey: None
'09/26/2018 02:28:03 PM' - DEBUG - relyDataVal: None
'09/26/2018 02:28:03 PM' - DEBUG - ----------------------响应信息: ----------------------
'09/26/2018 02:28:03 PM' - DEBUG - 响应时间: 2018-09-26_14-28-03
'09/26/2018 02:28:03 PM' - DEBUG - 响应耗时: 0.01
'09/26/2018 02:28:03 PM' - INFO - 响应码: 200
'09/26/2018 02:28:03 PM' - INFO - 响应头: {'Date': 'Wed, 26 Sep 2018 06:28:03 GMT', 'Server': 'WSGIServer/0.2 CPython/3.6.4', 'Content-Type': 'application/json', 'X-Frame-Options': 'SAMEORIGIN', 'Content-Length': '67'}
'09/26/2018 02:28:03 PM' - INFO - 响应内容: {'status': 10021, 'message': 'username or password can not empty!'}
'09/26/2018 02:28:03 PM' - DEBUG - ####################################结束测试 login_6 ####################################
