'09/26/2018 02:58:59 PM' - DEBUG - ####################################开始测试 get_guest_1 ####################################
'09/26/2018 02:58:59 PM' - DEBUG - ----------------------请求信息: ----------------------
'09/26/2018 02:58:59 PM' - DEBUG - 请求时间: 2018-09-26_14-58-59
'09/26/2018 02:58:59 PM' - DEBUG - module: 用户模块
'09/26/2018 02:58:59 PM' - DEBUG - url: http://192.168.101.4:8000/api/get_guest_list
'09/26/2018 02:58:59 PM' - DEBUG - method: GET
'09/26/2018 02:58:59 PM' - DEBUG - header: {'Accept': 'application/json, text/javascript, */*; q=0.01'}
'09/26/2018 02:58:59 PM' - DEBUG - cookie: 
'09/26/2018 02:58:59 PM' - DEBUG - data: {'eid': 5}
'09/26/2018 02:58:59 PM' - DEBUG - validators: [{'check': 'status', 'expect': 200}]
'09/26/2018 02:58:59 PM' - DEBUG - relyDataKey: phone
'09/26/2018 02:58:59 PM' - DEBUG - relyDataVal: None
'09/26/2018 02:58:59 PM' - DEBUG - ----------------------响应信息: ----------------------
'09/26/2018 02:58:59 PM' - DEBUG - 响应时间: 2018-09-26_14-58-59
'09/26/2018 02:58:59 PM' - DEBUG - 响应耗时: 0.06
'09/26/2018 02:58:59 PM' - INFO - 响应码: 200
'09/26/2018 02:58:59 PM' - INFO - 响应头: {'Date': 'Wed, 26 Sep 2018 06:58:59 GMT', 'Server': 'WSGIServer/0.2 CPython/3.6.4', 'Content-Type': 'application/json', 'X-Frame-Options': 'SAMEORIGIN', 'Content-Length': '338'}
'09/26/2018 02:58:59 PM' - INFO - 响应内容: {'status': 200, 'message': 'success', 'E_testdata': [{'realname': 'burrows2', 'phone': '13700000002', 'email': 'burrows2@test.com', 'sign': False}, {'realname': 'burrows3', 'phone': '13700000003', 'email': 'burrows3@test.com', 'sign': False}, {'realname': 'burrows8', 'phone': '13700000008', 'email': 'burrows8@test.com', 'sign': False}]}
'09/26/2018 02:58:59 PM' - DEBUG - ####################################结束测试 get_guest_1 ####################################
'09/26/2018 02:58:59 PM' - DEBUG - ####################################开始测试 get_guest_2 ####################################
'09/26/2018 02:58:59 PM' - DEBUG - ----------------------请求信息: ----------------------
'09/26/2018 02:58:59 PM' - DEBUG - 请求时间: 2018-09-26_14-58-59
'09/26/2018 02:58:59 PM' - DEBUG - module: 用户模块
'09/26/2018 02:58:59 PM' - DEBUG - url: http://192.168.101.4:8000/api/get_guest_list
'09/26/2018 02:58:59 PM' - DEBUG - method: GET
'09/26/2018 02:58:59 PM' - DEBUG - header: {'Accept': 'application/json, text/javascript, */*; q=0.01'}
'09/26/2018 02:58:59 PM' - DEBUG - cookie: 
'09/26/2018 02:58:59 PM' - DEBUG - data: 
'09/26/2018 02:58:59 PM' - DEBUG - validators: [{'check': 'status', 'expect': 10021}, {'check': 'message', 'expect': 'eid cannot be empty'}]
'09/26/2018 02:58:59 PM' - DEBUG - relyDataKey: None
'09/26/2018 02:58:59 PM' - DEBUG - relyDataVal: None
'09/26/2018 02:58:59 PM' - DEBUG - ----------------------响应信息: ----------------------
'09/26/2018 02:58:59 PM' - DEBUG - 响应时间: 2018-09-26_14-58-59
'09/26/2018 02:58:59 PM' - DEBUG - 响应耗时: 0.01
'09/26/2018 02:58:59 PM' - INFO - 响应码: 200
'09/26/2018 02:58:59 PM' - INFO - 响应头: {'Date': 'Wed, 26 Sep 2018 06:58:59 GMT', 'Server': 'WSGIServer/0.2 CPython/3.6.4', 'Content-Type': 'application/json', 'X-Frame-Options': 'SAMEORIGIN', 'Content-Length': '51'}
'09/26/2018 02:58:59 PM' - INFO - 响应内容: {'status': 10021, 'message': 'eid cannot be empty'}
'09/26/2018 02:58:59 PM' - DEBUG - ####################################结束测试 get_guest_2 ####################################
'09/26/2018 02:58:59 PM' - DEBUG - ####################################开始测试 get_guest_3 ####################################
'09/26/2018 02:58:59 PM' - DEBUG - ----------------------请求信息: ----------------------
'09/26/2018 02:58:59 PM' - DEBUG - 请求时间: 2018-09-26_14-58-59
'09/26/2018 02:58:59 PM' - DEBUG - module: 用户模块
'09/26/2018 02:58:59 PM' - DEBUG - url: http://192.168.101.4:8000/api/get_guest_list
'09/26/2018 02:58:59 PM' - DEBUG - method: GET
'09/26/2018 02:58:59 PM' - DEBUG - header: {'Accept': 'application/json, text/javascript, */*; q=0.01'}
'09/26/2018 02:58:59 PM' - DEBUG - cookie: 
'09/26/2018 02:58:59 PM' - DEBUG - data: {'eid': None}
'09/26/2018 02:58:59 PM' - DEBUG - validators: [{'check': 'status', 'expect': 10021}, {'check': 'message', 'expect': 'eid cannot be empty'}]
'09/26/2018 02:58:59 PM' - DEBUG - relyDataKey: None
'09/26/2018 02:58:59 PM' - DEBUG - relyDataVal: None
'09/26/2018 02:58:59 PM' - DEBUG - ----------------------响应信息: ----------------------
'09/26/2018 02:58:59 PM' - DEBUG - 响应时间: 2018-09-26_14-58-59
'09/26/2018 02:58:59 PM' - DEBUG - 响应耗时: 0.01
'09/26/2018 02:58:59 PM' - INFO - 响应码: 200
'09/26/2018 02:58:59 PM' - INFO - 响应头: {'Date': 'Wed, 26 Sep 2018 06:58:59 GMT', 'Server': 'WSGIServer/0.2 CPython/3.6.4', 'Content-Type': 'application/json', 'X-Frame-Options': 'SAMEORIGIN', 'Content-Length': '51'}
'09/26/2018 02:58:59 PM' - INFO - 响应内容: {'status': 10021, 'message': 'eid cannot be empty'}
'09/26/2018 02:58:59 PM' - DEBUG - ####################################结束测试 get_guest_3 ####################################
'09/26/2018 02:58:59 PM' - DEBUG - ####################################开始测试 get_guest_4 ####################################
'09/26/2018 02:58:59 PM' - DEBUG - ----------------------请求信息: ----------------------
'09/26/2018 02:58:59 PM' - DEBUG - 请求时间: 2018-09-26_14-58-59
'09/26/2018 02:58:59 PM' - DEBUG - module: 用户模块
'09/26/2018 02:58:59 PM' - DEBUG - url: http://192.168.101.4:8000/api/get_guest_list
'09/26/2018 02:58:59 PM' - DEBUG - method: GET
'09/26/2018 02:58:59 PM' - DEBUG - header: {'Accept': 'application/json, text/javascript, */*; q=0.01'}
'09/26/2018 02:58:59 PM' - DEBUG - cookie: 
'09/26/2018 02:58:59 PM' - DEBUG - data: {'phone': '13700000002', 'phone2': '13700000002'}
'09/26/2018 02:58:59 PM' - DEBUG - validators: [{'check': 'status', 'expect': 10021}, {'check': 'message', 'expect': 'eid cannot be empty'}]
'09/26/2018 02:58:59 PM' - DEBUG - relyDataKey: None
'09/26/2018 02:58:59 PM' - DEBUG - relyDataVal: [{'relyDataSrc': 'phone', 'relyDataDes': 'phone'}, {'relyDataSrc': 'phone', 'relyDataDes': 'phone2'}]
'09/26/2018 02:58:59 PM' - DEBUG - ----------------------响应信息: ----------------------
'09/26/2018 02:58:59 PM' - DEBUG - 响应时间: 2018-09-26_14-58-59
'09/26/2018 02:58:59 PM' - DEBUG - 响应耗时: 0.01
'09/26/2018 02:58:59 PM' - INFO - 响应码: 200
'09/26/2018 02:58:59 PM' - INFO - 响应头: {'Date': 'Wed, 26 Sep 2018 06:58:59 GMT', 'Server': 'WSGIServer/0.2 CPython/3.6.4', 'Content-Type': 'application/json', 'X-Frame-Options': 'SAMEORIGIN', 'Content-Length': '51'}
'09/26/2018 02:58:59 PM' - INFO - 响应内容: {'status': 10021, 'message': 'eid cannot be empty'}
'09/26/2018 02:58:59 PM' - DEBUG - ####################################结束测试 get_guest_4 ####################################
'09/26/2018 02:58:59 PM' - DEBUG - ####################################开始测试 get_guest_5 ####################################
'09/26/2018 02:58:59 PM' - DEBUG - ----------------------请求信息: ----------------------
'09/26/2018 02:58:59 PM' - DEBUG - 请求时间: 2018-09-26_14-58-59
'09/26/2018 02:58:59 PM' - DEBUG - module: 用户模块
'09/26/2018 02:58:59 PM' - DEBUG - url: http://192.168.101.4:8000/api/get_guest_list
'09/26/2018 02:58:59 PM' - DEBUG - method: GET
'09/26/2018 02:58:59 PM' - DEBUG - header: {'Accept': 'application/json, text/javascript, */*; q=0.01'}
'09/26/2018 02:58:59 PM' - DEBUG - cookie: 
'09/26/2018 02:58:59 PM' - DEBUG - data: {'eid': 19}
'09/26/2018 02:58:59 PM' - DEBUG - validators: [{'check': 'status', 'expect': 200}, {'check': 'message', 'expect': 'success'}]
'09/26/2018 02:58:59 PM' - DEBUG - relyDataKey: None
'09/26/2018 02:58:59 PM' - DEBUG - relyDataVal: None
'09/26/2018 02:58:59 PM' - DEBUG - ----------------------响应信息: ----------------------
'09/26/2018 02:58:59 PM' - DEBUG - 响应时间: 2018-09-26_14-58-59
'09/26/2018 02:58:59 PM' - DEBUG - 响应耗时: 0.02
'09/26/2018 02:58:59 PM' - INFO - 响应码: 200
'09/26/2018 02:58:59 PM' - INFO - 响应头: {'Date': 'Wed, 26 Sep 2018 06:58:59 GMT', 'Server': 'WSGIServer/0.2 CPython/3.6.4', 'Content-Type': 'application/json', 'X-Frame-Options': 'SAMEORIGIN', 'Content-Length': '53'}
'09/26/2018 02:58:59 PM' - ERROR - 用例get_guest_5请求出错: 200 != 10022 : 预计结果不符:【status】预期结果【200】,实际结果【10022】
'09/26/2018 02:58:59 PM' - DEBUG - ####################################结束测试 get_guest_5 ####################################
'09/26/2018 02:58:59 PM' - DEBUG - ####################################开始测试 get_guest_6 ####################################
'09/26/2018 02:58:59 PM' - DEBUG - ----------------------请求信息: ----------------------
'09/26/2018 02:58:59 PM' - DEBUG - 请求时间: 2018-09-26_14-58-59
'09/26/2018 02:58:59 PM' - DEBUG - module: 用户模块
'09/26/2018 02:58:59 PM' - DEBUG - url: http://192.168.101.4:8000/api/get_guest_list
'09/26/2018 02:58:59 PM' - DEBUG - method: GET
'09/26/2018 02:58:59 PM' - DEBUG - header: {'Accept': 'application/json, text/javascript, */*; q=0.01'}
'09/26/2018 02:58:59 PM' - DEBUG - cookie: 
'09/26/2018 02:58:59 PM' - DEBUG - data: {'eid': 666}
'09/26/2018 02:58:59 PM' - DEBUG - validators: [{'check': 'status', 'expect': 10022}, {'check': 'message', 'expect': 'query result is empty'}]
'09/26/2018 02:58:59 PM' - DEBUG - relyDataKey: None
'09/26/2018 02:58:59 PM' - DEBUG - relyDataVal: None
'09/26/2018 02:58:59 PM' - DEBUG - ----------------------响应信息: ----------------------
'09/26/2018 02:58:59 PM' - DEBUG - 响应时间: 2018-09-26_14-58-59
'09/26/2018 02:58:59 PM' - DEBUG - 响应耗时: 0.02
'09/26/2018 02:58:59 PM' - INFO - 响应码: 200
'09/26/2018 02:58:59 PM' - INFO - 响应头: {'Date': 'Wed, 26 Sep 2018 06:58:59 GMT', 'Server': 'WSGIServer/0.2 CPython/3.6.4', 'Content-Type': 'application/json', 'X-Frame-Options': 'SAMEORIGIN', 'Content-Length': '53'}
'09/26/2018 02:58:59 PM' - INFO - 响应内容: {'status': 10022, 'message': 'query result is empty'}
'09/26/2018 02:58:59 PM' - DEBUG - ####################################结束测试 get_guest_6 ####################################
