'10/28/2018 04:05:14 PM' - DEBUG - ##############################start Events case 1...###############################
'10/28/2018 04:05:14 PM' - DEBUG - 跳过用例   ：adder_event_1(添加成功)
'10/28/2018 04:05:14 PM' - DEBUG - ###############################end Events case 1...################################
'10/28/2018 04:05:14 PM' - DEBUG - ##############################start Events case 2...###############################
'10/28/2018 04:05:14 PM' - DEBUG - 用例编号   ：adder_event_2 
'10/28/2018 04:05:14 PM' - DEBUG - 接口名称   : 添加发布会
'10/28/2018 04:05:14 PM' - DEBUG - 用例描述   : eid为空
'10/28/2018 04:05:14 PM' - DEBUG - 请求时间   : 2018/10/28 16:05:14
'10/28/2018 04:05:14 PM' - DEBUG - ---------------------- 请求信息 ----------------------
'10/28/2018 04:05:14 PM' - DEBUG - url        : http://192.168.102.111:8000/api/add_event
'10/28/2018 04:05:14 PM' - DEBUG - method     : POST
'10/28/2018 04:05:14 PM' - DEBUG - header     : {'Accept': 'application/json, text/javascript, */*; q=0.01'}
'10/28/2018 04:05:14 PM' - DEBUG - cookie     : {}
'10/28/2018 04:05:14 PM' - DEBUG - 请求数据   : {'eid': None, 'name': '测试发布会100', 'limit': 999, 'status': 1, 'address': '深圳体育100馆', 'start_time': '2018-6-5 14:00:00'}
'10/28/2018 04:05:14 PM' - DEBUG - 断言设置   : [{'check': 'status', 'expect': 10021}, {'check': 'message', 'expect': 'parameter error'}]
'10/28/2018 04:05:14 PM' - DEBUG - 关联输出   : None
'10/28/2018 04:05:14 PM' - DEBUG - 关联引入   : None
'10/28/2018 04:05:14 PM' - DEBUG - ---------------------- 响应信息 ----------------------
'10/28/2018 04:05:14 PM' - DEBUG - 响应时间   : 2018/10/28 16:05:14
'10/28/2018 04:05:14 PM' - DEBUG - 响应耗时   : 9.00 ms
'10/28/2018 04:05:14 PM' - DEBUG - 响应码     : 200
'10/28/2018 04:05:14 PM' - DEBUG - 响应头     : {'Date': 'Sun, 28 Oct 2018 08:05:14 GMT', 'Server': 'WSGIServer/0.2 CPython/3.6.4', 'Content-Type': 'application/json', 'X-Frame-Options': 'SAMEORIGIN', 'Content-Length': '47'}
'10/28/2018 04:05:14 PM' - DEBUG - 响应内容   : {'status': 10021, 'message': 'parameter error'}
'10/28/2018 04:05:14 PM' - DEBUG - ###############################end Events case 2...################################
'10/28/2018 04:05:14 PM' - DEBUG - ##############################start Events case 3...###############################
'10/28/2018 04:05:14 PM' - DEBUG - 用例编号   ：adder_event_3 
'10/28/2018 04:05:14 PM' - DEBUG - 接口名称   : 添加发布会
'10/28/2018 04:05:14 PM' - DEBUG - 用例描述   : name为空
'10/28/2018 04:05:14 PM' - DEBUG - 请求时间   : 2018/10/28 16:05:14
'10/28/2018 04:05:14 PM' - DEBUG - ---------------------- 请求信息 ----------------------
'10/28/2018 04:05:14 PM' - DEBUG - url        : http://192.168.102.111:8000/api/add_event
'10/28/2018 04:05:14 PM' - DEBUG - method     : POST
'10/28/2018 04:05:14 PM' - DEBUG - header     : {'Accept': 'application/json, text/javascript, */*; q=0.01'}
'10/28/2018 04:05:14 PM' - DEBUG - cookie     : {}
'10/28/2018 04:05:14 PM' - DEBUG - 请求数据   : {'eid': 100, 'name': None, 'limit': 999, 'status': 1, 'address': '深圳体育100馆', 'start_time': '2018-6-5 14:00:00'}
'10/28/2018 04:05:14 PM' - DEBUG - 断言设置   : [{'check': 'status', 'expect': 10021}, {'check': 'message', 'expect': 'parameter error'}]
'10/28/2018 04:05:14 PM' - DEBUG - 关联输出   : None
'10/28/2018 04:05:14 PM' - DEBUG - 关联引入   : None
'10/28/2018 04:05:14 PM' - DEBUG - ---------------------- 响应信息 ----------------------
'10/28/2018 04:05:14 PM' - DEBUG - 响应时间   : 2018/10/28 16:05:14
'10/28/2018 04:05:14 PM' - DEBUG - 响应耗时   : 6.00 ms
'10/28/2018 04:05:14 PM' - DEBUG - 响应码     : 200
'10/28/2018 04:05:14 PM' - DEBUG - 响应头     : {'Date': 'Sun, 28 Oct 2018 08:05:14 GMT', 'Server': 'WSGIServer/0.2 CPython/3.6.4', 'Content-Type': 'application/json', 'X-Frame-Options': 'SAMEORIGIN', 'Content-Length': '47'}
'10/28/2018 04:05:14 PM' - DEBUG - 响应内容   : {'status': 10021, 'message': 'parameter error'}
'10/28/2018 04:05:14 PM' - DEBUG - ###############################end Events case 3...################################
'10/28/2018 04:05:14 PM' - DEBUG - ##############################start Events case 4...###############################
'10/28/2018 04:05:14 PM' - DEBUG - 用例编号   ：adder_event_4 
'10/28/2018 04:05:14 PM' - DEBUG - 接口名称   : 添加发布会
'10/28/2018 04:05:14 PM' - DEBUG - 用例描述   : address为空
'10/28/2018 04:05:14 PM' - DEBUG - 请求时间   : 2018/10/28 16:05:14
'10/28/2018 04:05:14 PM' - DEBUG - ---------------------- 请求信息 ----------------------
'10/28/2018 04:05:14 PM' - DEBUG - url        : http://192.168.102.111:8000/api/add_event
'10/28/2018 04:05:14 PM' - DEBUG - method     : POST
'10/28/2018 04:05:14 PM' - DEBUG - header     : {'Accept': 'application/json, text/javascript, */*; q=0.01'}
'10/28/2018 04:05:14 PM' - DEBUG - cookie     : {}
'10/28/2018 04:05:14 PM' - DEBUG - 请求数据   : {'eid': 100, 'name': '测试发布会100', 'limit': 999, 'status': 1, 'address': None, 'start_time': '2018-6-5 14:00:00'}
'10/28/2018 04:05:14 PM' - DEBUG - 断言设置   : [{'check': 'status', 'expect': 10021}, {'check': 'message', 'expect': 'parameter error'}]
'10/28/2018 04:05:14 PM' - DEBUG - 关联输出   : None
'10/28/2018 04:05:14 PM' - DEBUG - 关联引入   : None
'10/28/2018 04:05:14 PM' - DEBUG - ---------------------- 响应信息 ----------------------
'10/28/2018 04:05:14 PM' - DEBUG - 响应时间   : 2018/10/28 16:05:14
'10/28/2018 04:05:14 PM' - DEBUG - 响应耗时   : 4.00 ms
'10/28/2018 04:05:14 PM' - DEBUG - 响应码     : 200
'10/28/2018 04:05:14 PM' - DEBUG - 响应头     : {'Date': 'Sun, 28 Oct 2018 08:05:14 GMT', 'Server': 'WSGIServer/0.2 CPython/3.6.4', 'Content-Type': 'application/json', 'X-Frame-Options': 'SAMEORIGIN', 'Content-Length': '47'}
'10/28/2018 04:05:14 PM' - DEBUG - 响应内容   : {'status': 10021, 'message': 'parameter error'}
'10/28/2018 04:05:14 PM' - DEBUG - ###############################end Events case 4...################################
'10/28/2018 04:05:14 PM' - DEBUG - ##############################start Events case 5...###############################
'10/28/2018 04:05:14 PM' - DEBUG - 用例编号   ：adder_event_5 
'10/28/2018 04:05:14 PM' - DEBUG - 接口名称   : 添加发布会
'10/28/2018 04:05:14 PM' - DEBUG - 用例描述   : address为空
'10/28/2018 04:05:14 PM' - DEBUG - 请求时间   : 2018/10/28 16:05:14
'10/28/2018 04:05:14 PM' - DEBUG - ---------------------- 请求信息 ----------------------
'10/28/2018 04:05:14 PM' - DEBUG - url        : http://192.168.102.111:8000/api/add_event
'10/28/2018 04:05:14 PM' - DEBUG - method     : POST
'10/28/2018 04:05:14 PM' - DEBUG - header     : {'Accept': 'application/json, text/javascript, */*; q=0.01'}
'10/28/2018 04:05:14 PM' - DEBUG - cookie     : {}
'10/28/2018 04:05:14 PM' - DEBUG - 请求数据   : {'eid': 100, 'name': '测试发布会100', 'limit': 999, 'status': 1, 'address': None, 'start_time': '2018-6-5 14:00:00'}
'10/28/2018 04:05:14 PM' - DEBUG - 断言设置   : [{'check': 'status', 'expect': 10021}, {'check': 'message', 'expect': 'parameter error'}]
'10/28/2018 04:05:14 PM' - DEBUG - 关联输出   : None
'10/28/2018 04:05:14 PM' - DEBUG - 关联引入   : None
'10/28/2018 04:05:14 PM' - DEBUG - ---------------------- 响应信息 ----------------------
'10/28/2018 04:05:14 PM' - DEBUG - 响应时间   : 2018/10/28 16:05:14
'10/28/2018 04:05:14 PM' - DEBUG - 响应耗时   : 5.00 ms
'10/28/2018 04:05:14 PM' - DEBUG - 响应码     : 200
'10/28/2018 04:05:14 PM' - DEBUG - 响应头     : {'Date': 'Sun, 28 Oct 2018 08:05:14 GMT', 'Server': 'WSGIServer/0.2 CPython/3.6.4', 'Content-Type': 'application/json', 'X-Frame-Options': 'SAMEORIGIN', 'Content-Length': '47'}
'10/28/2018 04:05:14 PM' - DEBUG - 响应内容   : {'status': 10021, 'message': 'parameter error'}
'10/28/2018 04:05:14 PM' - DEBUG - ###############################end Events case 5...################################
'10/28/2018 04:05:14 PM' - DEBUG - ##############################start Events case 6...###############################
'10/28/2018 04:05:14 PM' - DEBUG - 用例编号   ：adder_event_6 
'10/28/2018 04:05:14 PM' - DEBUG - 接口名称   : 添加发布会
'10/28/2018 04:05:14 PM' - DEBUG - 用例描述   : start_time为空
'10/28/2018 04:05:14 PM' - DEBUG - 请求时间   : 2018/10/28 16:05:14
'10/28/2018 04:05:14 PM' - DEBUG - ---------------------- 请求信息 ----------------------
'10/28/2018 04:05:14 PM' - DEBUG - url        : http://192.168.102.111:8000/api/add_event
'10/28/2018 04:05:14 PM' - DEBUG - method     : POST
'10/28/2018 04:05:14 PM' - DEBUG - header     : {'Accept': 'application/json, text/javascript, */*; q=0.01'}
'10/28/2018 04:05:14 PM' - DEBUG - cookie     : {}
'10/28/2018 04:05:14 PM' - DEBUG - 请求数据   : {'eid': 100, 'name': '测试发布会100', 'limit': 999, 'status': 1, 'address': '深圳体育100馆', 'start_time': None}
'10/28/2018 04:05:14 PM' - DEBUG - 断言设置   : [{'check': 'status', 'expect': 10021}, {'check': 'message', 'expect': 'parameter error'}]
'10/28/2018 04:05:14 PM' - DEBUG - 关联输出   : None
'10/28/2018 04:05:14 PM' - DEBUG - 关联引入   : None
'10/28/2018 04:05:14 PM' - DEBUG - ---------------------- 响应信息 ----------------------
'10/28/2018 04:05:14 PM' - DEBUG - 响应时间   : 2018/10/28 16:05:14
'10/28/2018 04:05:14 PM' - DEBUG - 响应耗时   : 5.00 ms
'10/28/2018 04:05:14 PM' - DEBUG - 响应码     : 200
'10/28/2018 04:05:14 PM' - DEBUG - 响应头     : {'Date': 'Sun, 28 Oct 2018 08:05:14 GMT', 'Server': 'WSGIServer/0.2 CPython/3.6.4', 'Content-Type': 'application/json', 'X-Frame-Options': 'SAMEORIGIN', 'Content-Length': '47'}
'10/28/2018 04:05:14 PM' - DEBUG - 响应内容   : {'status': 10021, 'message': 'parameter error'}
'10/28/2018 04:05:14 PM' - DEBUG - ###############################end Events case 6...################################
'10/28/2018 04:05:14 PM' - DEBUG - ##############################start Events case 7...###############################
'10/28/2018 04:05:14 PM' - DEBUG - 用例编号   ：adder_event_7 
'10/28/2018 04:05:14 PM' - DEBUG - 接口名称   : 添加发布会
'10/28/2018 04:05:14 PM' - DEBUG - 用例描述   : eid已存在
'10/28/2018 04:05:14 PM' - DEBUG - 请求时间   : 2018/10/28 16:05:14
'10/28/2018 04:05:14 PM' - DEBUG - ---------------------- 请求信息 ----------------------
'10/28/2018 04:05:14 PM' - DEBUG - url        : http://192.168.102.111:8000/api/add_event
'10/28/2018 04:05:14 PM' - DEBUG - method     : POST
'10/28/2018 04:05:14 PM' - DEBUG - header     : {'Accept': 'application/json, text/javascript, */*; q=0.01'}
'10/28/2018 04:05:14 PM' - DEBUG - cookie     : {}
'10/28/2018 04:05:14 PM' - DEBUG - 请求数据   : {'eid': 5, 'name': '测试发布会100', 'limit': 999, 'status': 1, 'address': '深圳体育100馆', 'start_time': '2018-6-5 14:00:00'}
'10/28/2018 04:05:14 PM' - DEBUG - 断言设置   : [{'check': 'status', 'expect': 10022}, {'check': 'message', 'expect': 'event id already exists'}]
'10/28/2018 04:05:14 PM' - DEBUG - 关联输出   : None
'10/28/2018 04:05:14 PM' - DEBUG - 关联引入   : None
'10/28/2018 04:05:14 PM' - DEBUG - ---------------------- 响应信息 ----------------------
'10/28/2018 04:05:14 PM' - DEBUG - 响应时间   : 2018/10/28 16:05:14
'10/28/2018 04:05:14 PM' - DEBUG - 响应耗时   : 21.00 ms
'10/28/2018 04:05:14 PM' - DEBUG - 响应码     : 200
'10/28/2018 04:05:14 PM' - DEBUG - 响应头     : {'Date': 'Sun, 28 Oct 2018 08:05:14 GMT', 'Server': 'WSGIServer/0.2 CPython/3.6.4', 'Content-Type': 'application/json', 'X-Frame-Options': 'SAMEORIGIN', 'Content-Length': '55'}
'10/28/2018 04:05:14 PM' - DEBUG - 响应内容   : {'status': 10022, 'message': 'event id already exists'}
'10/28/2018 04:05:14 PM' - DEBUG - ###############################end Events case 7...################################
'10/28/2018 04:05:14 PM' - DEBUG - ##############################start Events case 8...###############################
'10/28/2018 04:05:14 PM' - DEBUG - 用例编号   ：adder_event_8 
'10/28/2018 04:05:14 PM' - DEBUG - 接口名称   : 添加发布会
'10/28/2018 04:05:14 PM' - DEBUG - 用例描述   : name已存在
'10/28/2018 04:05:14 PM' - DEBUG - 请求时间   : 2018/10/28 16:05:14
'10/28/2018 04:05:14 PM' - DEBUG - ---------------------- 请求信息 ----------------------
'10/28/2018 04:05:14 PM' - DEBUG - url        : http://192.168.102.111:8000/api/add_event
'10/28/2018 04:05:14 PM' - DEBUG - method     : POST
'10/28/2018 04:05:14 PM' - DEBUG - header     : {'Accept': 'application/json, text/javascript, */*; q=0.01'}
'10/28/2018 04:05:14 PM' - DEBUG - cookie     : {}
'10/28/2018 04:05:14 PM' - DEBUG - 请求数据   : {'eid': 201, 'name': '小米mix2发布会', 'limit': 999, 'status': 1, 'address': '深圳体育100馆', 'start_time': '2018-6-5 14:00:00'}
'10/28/2018 04:05:14 PM' - DEBUG - 断言设置   : [{'check': 'status', 'expect': 10023}, {'check': 'message', 'expect': 'event name already exists'}]
'10/28/2018 04:05:14 PM' - DEBUG - 关联输出   : None
'10/28/2018 04:05:14 PM' - DEBUG - 关联引入   : None
'10/28/2018 04:05:14 PM' - DEBUG - ---------------------- 响应信息 ----------------------
'10/28/2018 04:05:14 PM' - DEBUG - 响应时间   : 2018/10/28 16:05:14
'10/28/2018 04:05:14 PM' - DEBUG - 响应耗时   : 12.00 ms
'10/28/2018 04:05:14 PM' - DEBUG - 响应码     : 200
'10/28/2018 04:05:14 PM' - DEBUG - 响应头     : {'Date': 'Sun, 28 Oct 2018 08:05:14 GMT', 'Server': 'WSGIServer/0.2 CPython/3.6.4', 'Content-Type': 'application/json', 'X-Frame-Options': 'SAMEORIGIN', 'Content-Length': '57'}
'10/28/2018 04:05:14 PM' - DEBUG - 响应内容   : {'status': 10023, 'message': 'event name already exists'}
'10/28/2018 04:05:14 PM' - DEBUG - ###############################end Events case 8...################################
'10/28/2018 04:05:14 PM' - DEBUG - ##############################start Events case 9...###############################
'10/28/2018 04:05:14 PM' - DEBUG - 用例编号   ：adder_event_9 
'10/28/2018 04:05:14 PM' - DEBUG - 接口名称   : 添加发布会
'10/28/2018 04:05:14 PM' - DEBUG - 用例描述   : start_time格式错误
'10/28/2018 04:05:14 PM' - DEBUG - 请求时间   : 2018/10/28 16:05:14
'10/28/2018 04:05:14 PM' - DEBUG - ---------------------- 请求信息 ----------------------
'10/28/2018 04:05:14 PM' - DEBUG - url        : http://192.168.102.111:8000/api/add_event
'10/28/2018 04:05:14 PM' - DEBUG - method     : POST
'10/28/2018 04:05:14 PM' - DEBUG - header     : {'Accept': 'application/json, text/javascript, */*; q=0.01'}
'10/28/2018 04:05:14 PM' - DEBUG - cookie     : {}
'10/28/2018 04:05:14 PM' - DEBUG - 请求数据   : {'eid': 201, 'name': '小米mix2发布会', 'limit': 999, 'status': 1, 'address': '深圳体育100馆', 'start_time': '20180605 14:00:00'}
'10/28/2018 04:05:14 PM' - DEBUG - 断言设置   : [{'check': 'status', 'expect': 10024}]
'10/28/2018 04:05:14 PM' - DEBUG - 关联输出   : None
'10/28/2018 04:05:14 PM' - DEBUG - 关联引入   : None
'10/28/2018 04:05:14 PM' - DEBUG - ---------------------- 响应信息 ----------------------
'10/28/2018 04:05:14 PM' - DEBUG - 响应时间   : 2018/10/28 16:05:14
'10/28/2018 04:05:14 PM' - DEBUG - 响应耗时   : 22.00 ms
'10/28/2018 04:05:14 PM' - DEBUG - 响应码     : 200
'10/28/2018 04:05:14 PM' - DEBUG - 响应头     : {'Date': 'Sun, 28 Oct 2018 08:05:14 GMT', 'Server': 'WSGIServer/0.2 CPython/3.6.4', 'Content-Type': 'application/json', 'X-Frame-Options': 'SAMEORIGIN', 'Content-Length': '57'}
'10/28/2018 04:05:14 PM' - DEBUG - 响应内容   : {'status': 10023, 'message': 'event name already exists'}
'10/28/2018 04:05:14 PM' - ERROR - 错误信息   : 10024 != 10023 : 预计结果不符:【status】预期结果【10024】,实际结果【10023】
'10/28/2018 04:05:14 PM' - DEBUG - ###############################end Events case 9...################################
'10/28/2018 04:05:14 PM' - DEBUG - ##############################start Users case 1...###############################
'10/28/2018 04:05:14 PM' - DEBUG - 用例编号   ：adder_guest_1 
'10/28/2018 04:05:14 PM' - DEBUG - 接口名称   : 添加嘉宾
'10/28/2018 04:05:14 PM' - DEBUG - 用例描述   : 添加成功
'10/28/2018 04:05:14 PM' - DEBUG - 请求时间   : 2018/10/28 16:05:14
'10/28/2018 04:05:14 PM' - DEBUG - ---------------------- 请求信息 ----------------------
'10/28/2018 04:05:14 PM' - DEBUG - url        : http://192.168.102.111:8000/api/add_guest
'10/28/2018 04:05:14 PM' - DEBUG - method     : POST
'10/28/2018 04:05:14 PM' - DEBUG - header     : {'Accept': 'application/json, text/javascript, */*; q=0.01'}
'10/28/2018 04:05:14 PM' - DEBUG - cookie     : {}
'10/28/2018 04:05:14 PM' - DEBUG - 请求数据   : {'eid': 100, 'realname': 'burrows20', 'phone': 13700000020, 'email': 'burrows20@test.com'}
'10/28/2018 04:05:14 PM' - DEBUG - 断言设置   : [{'check': 'status', 'expect': 200}]
'10/28/2018 04:05:14 PM' - DEBUG - 关联输出   : None
'10/28/2018 04:05:14 PM' - DEBUG - 关联引入   : None
'10/28/2018 04:05:14 PM' - DEBUG - ---------------------- 响应信息 ----------------------
'10/28/2018 04:05:14 PM' - DEBUG - 响应时间   : 2018/10/28 16:05:14
'10/28/2018 04:05:14 PM' - DEBUG - 响应耗时   : 17.00 ms
'10/28/2018 04:05:14 PM' - DEBUG - 响应码     : 200
'10/28/2018 04:05:14 PM' - DEBUG - 响应头     : {'Date': 'Sun, 28 Oct 2018 08:05:14 GMT', 'Server': 'WSGIServer/0.2 CPython/3.6.4', 'Content-Type': 'application/json', 'X-Frame-Options': 'SAMEORIGIN', 'Content-Length': '49'}
'10/28/2018 04:05:14 PM' - DEBUG - 响应内容   : {'status': 10025, 'message': 'event has started'}
'10/28/2018 04:05:14 PM' - ERROR - 错误信息   : 200 != 10025 : 预计结果不符:【status】预期结果【200】,实际结果【10025】
'10/28/2018 04:05:14 PM' - DEBUG - ###############################end Users case 1...################################
'10/28/2018 04:05:14 PM' - DEBUG - ##############################start Users case 2...###############################
'10/28/2018 04:05:14 PM' - DEBUG - 跳过用例   ：adder_guest_2(eid为空)
'10/28/2018 04:05:14 PM' - DEBUG - ###############################end Users case 2...################################
'10/28/2018 04:05:14 PM' - DEBUG - ##############################start Users case 3...###############################
'10/28/2018 04:05:14 PM' - DEBUG - 用例编号   ：adder_guest_3 
'10/28/2018 04:05:14 PM' - DEBUG - 接口名称   : 添加嘉宾
'10/28/2018 04:05:14 PM' - DEBUG - 用例描述   : realname为空
'10/28/2018 04:05:14 PM' - DEBUG - 请求时间   : 2018/10/28 16:05:14
'10/28/2018 04:05:14 PM' - DEBUG - ---------------------- 请求信息 ----------------------
'10/28/2018 04:05:14 PM' - DEBUG - url        : http://192.168.102.111:8000/api/add_guest
'10/28/2018 04:05:14 PM' - DEBUG - method     : POST
'10/28/2018 04:05:14 PM' - DEBUG - header     : {'Accept': 'application/json, text/javascript, */*; q=0.01'}
'10/28/2018 04:05:14 PM' - DEBUG - cookie     : {}
'10/28/2018 04:05:14 PM' - DEBUG - 请求数据   : {'eid': 19, 'realname': None, 'phone': 13700000020, 'email': 'burrows20@test.com'}
'10/28/2018 04:05:14 PM' - DEBUG - 断言设置   : [{'check': 'status', 'expect': 10021}, {'check': 'message', 'expect': 'parameter error'}]
'10/28/2018 04:05:14 PM' - DEBUG - 关联输出   : None
'10/28/2018 04:05:14 PM' - DEBUG - 关联引入   : None
'10/28/2018 04:05:14 PM' - DEBUG - ---------------------- 响应信息 ----------------------
'10/28/2018 04:05:14 PM' - DEBUG - 响应时间   : 2018/10/28 16:05:14
'10/28/2018 04:05:14 PM' - DEBUG - 响应耗时   : 5.00 ms
'10/28/2018 04:05:14 PM' - DEBUG - 响应码     : 200
'10/28/2018 04:05:14 PM' - DEBUG - 响应头     : {'Date': 'Sun, 28 Oct 2018 08:05:14 GMT', 'Server': 'WSGIServer/0.2 CPython/3.6.4', 'Content-Type': 'application/json', 'X-Frame-Options': 'SAMEORIGIN', 'Content-Length': '47'}
'10/28/2018 04:05:14 PM' - DEBUG - 响应内容   : {'status': 10021, 'message': 'parameter error'}
'10/28/2018 04:05:14 PM' - DEBUG - ###############################end Users case 3...################################
'10/28/2018 04:05:14 PM' - DEBUG - ##############################start Users case 4...###############################
'10/28/2018 04:05:14 PM' - DEBUG - 用例编号   ：adder_guest_4 
'10/28/2018 04:05:14 PM' - DEBUG - 接口名称   : 添加嘉宾
'10/28/2018 04:05:14 PM' - DEBUG - 用例描述   : phone为空
'10/28/2018 04:05:14 PM' - DEBUG - 请求时间   : 2018/10/28 16:05:14
'10/28/2018 04:05:14 PM' - DEBUG - ---------------------- 请求信息 ----------------------
'10/28/2018 04:05:14 PM' - DEBUG - url        : http://192.168.102.111:8000/api/add_guest
'10/28/2018 04:05:14 PM' - DEBUG - method     : POST
'10/28/2018 04:05:14 PM' - DEBUG - header     : {'Accept': 'application/json, text/javascript, */*; q=0.01'}
'10/28/2018 04:05:14 PM' - DEBUG - cookie     : {}
'10/28/2018 04:05:14 PM' - DEBUG - 请求数据   : {'eid': 19, 'realname': 'burrows20', 'phone': None, 'email': 'burrows20@test.com'}
'10/28/2018 04:05:14 PM' - DEBUG - 断言设置   : [{'check': 'status', 'expect': 10021}, {'check': 'message', 'expect': 'parameter error'}]
'10/28/2018 04:05:14 PM' - DEBUG - 关联输出   : None
'10/28/2018 04:05:14 PM' - DEBUG - 关联引入   : None
'10/28/2018 04:05:14 PM' - DEBUG - ---------------------- 响应信息 ----------------------
'10/28/2018 04:05:14 PM' - DEBUG - 响应时间   : 2018/10/28 16:05:14
'10/28/2018 04:05:14 PM' - DEBUG - 响应耗时   : 5.00 ms
'10/28/2018 04:05:14 PM' - DEBUG - 响应码     : 200
'10/28/2018 04:05:14 PM' - DEBUG - 响应头     : {'Date': 'Sun, 28 Oct 2018 08:05:14 GMT', 'Server': 'WSGIServer/0.2 CPython/3.6.4', 'Content-Type': 'application/json', 'X-Frame-Options': 'SAMEORIGIN', 'Content-Length': '47'}
'10/28/2018 04:05:14 PM' - DEBUG - 响应内容   : {'status': 10021, 'message': 'parameter error'}
'10/28/2018 04:05:14 PM' - DEBUG - ###############################end Users case 4...################################
'10/28/2018 04:05:14 PM' - DEBUG - ##############################start Users case 5...###############################
'10/28/2018 04:05:14 PM' - DEBUG - 用例编号   ：adder_guest_5 
'10/28/2018 04:05:14 PM' - DEBUG - 接口名称   : 添加嘉宾
'10/28/2018 04:05:14 PM' - DEBUG - 用例描述   : eid不存在
'10/28/2018 04:05:14 PM' - DEBUG - 请求时间   : 2018/10/28 16:05:14
'10/28/2018 04:05:14 PM' - DEBUG - ---------------------- 请求信息 ----------------------
'10/28/2018 04:05:14 PM' - DEBUG - url        : http://192.168.102.111:8000/api/add_guest
'10/28/2018 04:05:14 PM' - DEBUG - method     : POST
'10/28/2018 04:05:14 PM' - DEBUG - header     : {'Accept': 'application/json, text/javascript, */*; q=0.01'}
'10/28/2018 04:05:14 PM' - DEBUG - cookie     : {}
'10/28/2018 04:05:14 PM' - DEBUG - 请求数据   : {'eid': 19, 'realname': 'burrows21', 'phone': 13700000021, 'email': 'burrows21@test.com'}
'10/28/2018 04:05:14 PM' - DEBUG - 断言设置   : [{'check': 'status', 'expect': 10022}, {'check': 'message', 'expect': 'event id null'}]
'10/28/2018 04:05:14 PM' - DEBUG - 关联输出   : None
'10/28/2018 04:05:14 PM' - DEBUG - 关联引入   : None
'10/28/2018 04:05:14 PM' - DEBUG - ---------------------- 响应信息 ----------------------
'10/28/2018 04:05:14 PM' - DEBUG - 响应时间   : 2018/10/28 16:05:14
'10/28/2018 04:05:14 PM' - DEBUG - 响应耗时   : 21.00 ms
'10/28/2018 04:05:14 PM' - DEBUG - 响应码     : 200
'10/28/2018 04:05:14 PM' - DEBUG - 响应头     : {'Date': 'Sun, 28 Oct 2018 08:05:14 GMT', 'Server': 'WSGIServer/0.2 CPython/3.6.4', 'Content-Type': 'application/json', 'X-Frame-Options': 'SAMEORIGIN', 'Content-Length': '45'}
'10/28/2018 04:05:14 PM' - DEBUG - 响应内容   : {'status': 10022, 'message': 'event id null'}
'10/28/2018 04:05:14 PM' - DEBUG - ###############################end Users case 5...################################
'10/28/2018 04:05:14 PM' - DEBUG - ##############################start Users case 6...###############################
'10/28/2018 04:05:14 PM' - DEBUG - 用例编号   ：adder_guest_6 
'10/28/2018 04:05:14 PM' - DEBUG - 接口名称   : 添加嘉宾
'10/28/2018 04:05:14 PM' - DEBUG - 用例描述   : event状态不可用
'10/28/2018 04:05:14 PM' - DEBUG - 请求时间   : 2018/10/28 16:05:14
'10/28/2018 04:05:14 PM' - DEBUG - ---------------------- 请求信息 ----------------------
'10/28/2018 04:05:14 PM' - DEBUG - url        : http://192.168.102.111:8000/api/add_guest
'10/28/2018 04:05:14 PM' - DEBUG - method     : POST
'10/28/2018 04:05:14 PM' - DEBUG - header     : {'Accept': 'application/json, text/javascript, */*; q=0.01'}
'10/28/2018 04:05:14 PM' - DEBUG - cookie     : {}
'10/28/2018 04:05:14 PM' - DEBUG - 请求数据   : {'eid': 5, 'realname': 'burrows22', 'phone': 13700000022, 'email': 'burrows22@test.com'}
'10/28/2018 04:05:14 PM' - DEBUG - 断言设置   : [{'check': 'status', 'expect': 10023}, {'check': 'message', 'expect': 'event status is not available'}]
'10/28/2018 04:05:14 PM' - DEBUG - 关联输出   : None
'10/28/2018 04:05:14 PM' - DEBUG - 关联引入   : None
'10/28/2018 04:05:14 PM' - DEBUG - ---------------------- 响应信息 ----------------------
'10/28/2018 04:05:14 PM' - DEBUG - 响应时间   : 2018/10/28 16:05:14
'10/28/2018 04:05:14 PM' - DEBUG - 响应耗时   : 13.00 ms
'10/28/2018 04:05:14 PM' - DEBUG - 响应码     : 200
'10/28/2018 04:05:14 PM' - DEBUG - 响应头     : {'Date': 'Sun, 28 Oct 2018 08:05:14 GMT', 'Server': 'WSGIServer/0.2 CPython/3.6.4', 'Content-Type': 'application/json', 'X-Frame-Options': 'SAMEORIGIN', 'Content-Length': '61'}
'10/28/2018 04:05:14 PM' - DEBUG - 响应内容   : {'status': 10023, 'message': 'event status is not available'}
'10/28/2018 04:05:14 PM' - DEBUG - ###############################end Users case 6...################################
'10/28/2018 04:05:14 PM' - DEBUG - ##############################start Users case 7...###############################
'10/28/2018 04:05:14 PM' - DEBUG - 用例编号   ：adder_guest_7 
'10/28/2018 04:05:14 PM' - DEBUG - 接口名称   : 添加嘉宾
'10/28/2018 04:05:14 PM' - DEBUG - 用例描述   : event的嘉宾数已满
'10/28/2018 04:05:14 PM' - DEBUG - 请求时间   : 2018/10/28 16:05:14
'10/28/2018 04:05:14 PM' - DEBUG - ---------------------- 请求信息 ----------------------
'10/28/2018 04:05:14 PM' - DEBUG - url        : http://192.168.102.111:8000/api/add_guest
'10/28/2018 04:05:14 PM' - DEBUG - method     : POST
'10/28/2018 04:05:14 PM' - DEBUG - header     : {'Accept': 'application/json, text/javascript, */*; q=0.01'}
'10/28/2018 04:05:14 PM' - DEBUG - cookie     : {}
'10/28/2018 04:05:14 PM' - DEBUG - 请求数据   : {'eid': 102, 'realname': 'burrows22', 'phone': 13700000022, 'email': 'burrows22@test.com'}
'10/28/2018 04:05:14 PM' - DEBUG - 断言设置   : [{'check': 'status', 'expect': 10024}, {'check': 'message', 'expect': 'event number is full'}]
'10/28/2018 04:05:14 PM' - DEBUG - 关联输出   : None
'10/28/2018 04:05:14 PM' - DEBUG - 关联引入   : None
'10/28/2018 04:05:14 PM' - DEBUG - ---------------------- 响应信息 ----------------------
'10/28/2018 04:05:14 PM' - DEBUG - 响应时间   : 2018/10/28 16:05:14
'10/28/2018 04:05:14 PM' - DEBUG - 响应耗时   : 14.00 ms
'10/28/2018 04:05:14 PM' - DEBUG - 响应码     : 200
'10/28/2018 04:05:14 PM' - DEBUG - 响应头     : {'Date': 'Sun, 28 Oct 2018 08:05:14 GMT', 'Server': 'WSGIServer/0.2 CPython/3.6.4', 'Content-Type': 'application/json', 'X-Frame-Options': 'SAMEORIGIN', 'Content-Length': '52'}
'10/28/2018 04:05:14 PM' - DEBUG - 响应内容   : {'status': 10024, 'message': 'event number is full'}
'10/28/2018 04:05:14 PM' - DEBUG - ###############################end Users case 7...################################
'10/28/2018 04:05:14 PM' - DEBUG - ##############################start Users case 8...###############################
'10/28/2018 04:05:14 PM' - DEBUG - 用例编号   ：adder_guest_8 
'10/28/2018 04:05:14 PM' - DEBUG - 接口名称   : 添加嘉宾
'10/28/2018 04:05:14 PM' - DEBUG - 用例描述   : event已过期
'10/28/2018 04:05:14 PM' - DEBUG - 请求时间   : 2018/10/28 16:05:14
'10/28/2018 04:05:14 PM' - DEBUG - ---------------------- 请求信息 ----------------------
'10/28/2018 04:05:14 PM' - DEBUG - url        : http://192.168.102.111:8000/api/add_guest
'10/28/2018 04:05:14 PM' - DEBUG - method     : POST
'10/28/2018 04:05:14 PM' - DEBUG - header     : {'Accept': 'application/json, text/javascript, */*; q=0.01'}
'10/28/2018 04:05:14 PM' - DEBUG - cookie     : {}
'10/28/2018 04:05:14 PM' - DEBUG - 请求数据   : {'eid': 101, 'realname': 'burrows23', 'phone': 13700000023, 'email': 'burrows23@test.com'}
'10/28/2018 04:05:14 PM' - DEBUG - 断言设置   : [{'check': 'status', 'expect': 10025}, {'check': 'message', 'expect': 'event has started'}]
'10/28/2018 04:05:14 PM' - DEBUG - 关联输出   : None
'10/28/2018 04:05:14 PM' - DEBUG - 关联引入   : None
'10/28/2018 04:05:14 PM' - DEBUG - ---------------------- 响应信息 ----------------------
'10/28/2018 04:05:14 PM' - DEBUG - 响应时间   : 2018/10/28 16:05:14
'10/28/2018 04:05:14 PM' - DEBUG - 响应耗时   : 14.00 ms
'10/28/2018 04:05:14 PM' - DEBUG - 响应码     : 200
'10/28/2018 04:05:14 PM' - DEBUG - 响应头     : {'Date': 'Sun, 28 Oct 2018 08:05:14 GMT', 'Server': 'WSGIServer/0.2 CPython/3.6.4', 'Content-Type': 'application/json', 'X-Frame-Options': 'SAMEORIGIN', 'Content-Length': '49'}
'10/28/2018 04:05:14 PM' - DEBUG - 响应内容   : {'status': 10025, 'message': 'event has started'}
'10/28/2018 04:05:14 PM' - DEBUG - ###############################end Users case 8...################################
'10/28/2018 04:05:14 PM' - DEBUG - ##############################start Users case 9...###############################
'10/28/2018 04:05:14 PM' - DEBUG - 用例编号   ：get_guest_1 
'10/28/2018 04:05:14 PM' - DEBUG - 接口名称   : 查询嘉宾
'10/28/2018 04:05:14 PM' - DEBUG - 用例描述   : 查询成功
'10/28/2018 04:05:14 PM' - DEBUG - 请求时间   : 2018/10/28 16:05:14
'10/28/2018 04:05:14 PM' - DEBUG - ---------------------- 请求信息 ----------------------
'10/28/2018 04:05:14 PM' - DEBUG - url        : http://192.168.102.111:8000/api/get_guest_list
'10/28/2018 04:05:14 PM' - DEBUG - method     : GET
'10/28/2018 04:05:14 PM' - DEBUG - header     : {'Accept': 'application/json, text/javascript, */*; q=0.01'}
'10/28/2018 04:05:14 PM' - DEBUG - cookie     : {}
'10/28/2018 04:05:14 PM' - DEBUG - 请求数据   : {'eid': 5}
'10/28/2018 04:05:14 PM' - DEBUG - 断言设置   : [{'check': 'status', 'expect': 200}]
'10/28/2018 04:05:14 PM' - DEBUG - 关联输出   : [{'relyKey': 'phone', 'keepKey': 'MyPhone'}]
'10/28/2018 04:05:14 PM' - DEBUG - 关联引入   : None
'10/28/2018 04:05:14 PM' - DEBUG - ---------------------- 响应信息 ----------------------
'10/28/2018 04:05:14 PM' - DEBUG - 响应时间   : 2018/10/28 16:05:14
'10/28/2018 04:05:14 PM' - DEBUG - 响应耗时   : 36.00 ms
'10/28/2018 04:05:14 PM' - DEBUG - 响应码     : 200
'10/28/2018 04:05:14 PM' - DEBUG - 响应头     : {'Date': 'Sun, 28 Oct 2018 08:05:14 GMT', 'Server': 'WSGIServer/0.2 CPython/3.6.4', 'Content-Type': 'application/json', 'X-Frame-Options': 'SAMEORIGIN', 'Content-Length': '338'}
'10/28/2018 04:05:14 PM' - DEBUG - 响应内容   : {'status': 200, 'message': 'success', 'E_testdata': [{'realname': 'burrows2', 'phone': '13700000002', 'email': 'burrows2@test.com', 'sign': False}, {'realname': 'burrows3', 'phone': '13700000003', 'email': 'burrows3@test.com', 'sign': False}, {'realname': 'burrows8', 'phone': '13700000008', 'email': 'burrows8@test.com', 'sign': False}]}
'10/28/2018 04:05:14 PM' - DEBUG - ###############################end Users case 9...################################
'10/28/2018 04:05:14 PM' - DEBUG - ##############################start Users case 10...###############################
'10/28/2018 04:05:14 PM' - DEBUG - 用例编号   ：get_guest_2 
'10/28/2018 04:05:14 PM' - DEBUG - 接口名称   : 查询嘉宾
'10/28/2018 04:05:14 PM' - DEBUG - 用例描述   : 参数为空
'10/28/2018 04:05:14 PM' - DEBUG - 请求时间   : 2018/10/28 16:05:14
'10/28/2018 04:05:14 PM' - DEBUG - ---------------------- 请求信息 ----------------------
'10/28/2018 04:05:14 PM' - DEBUG - url        : http://192.168.102.111:8000/api/get_guest_list
'10/28/2018 04:05:14 PM' - DEBUG - method     : GET
'10/28/2018 04:05:14 PM' - DEBUG - header     : {'Accept': 'application/json, text/javascript, */*; q=0.01'}
'10/28/2018 04:05:14 PM' - DEBUG - cookie     : {}
'10/28/2018 04:05:14 PM' - DEBUG - 请求数据   : None
'10/28/2018 04:05:14 PM' - DEBUG - 断言设置   : [{'check': 'status', 'expect': 10021}, {'check': 'message', 'expect': 'eid cannot be empty'}]
'10/28/2018 04:05:14 PM' - DEBUG - 关联输出   : None
'10/28/2018 04:05:14 PM' - DEBUG - 关联引入   : None
'10/28/2018 04:05:14 PM' - DEBUG - ---------------------- 响应信息 ----------------------
'10/28/2018 04:05:14 PM' - DEBUG - 响应时间   : 2018/10/28 16:05:14
'10/28/2018 04:05:14 PM' - DEBUG - 响应耗时   : 7.00 ms
'10/28/2018 04:05:14 PM' - DEBUG - 响应码     : 200
'10/28/2018 04:05:14 PM' - DEBUG - 响应头     : {'Date': 'Sun, 28 Oct 2018 08:05:14 GMT', 'Server': 'WSGIServer/0.2 CPython/3.6.4', 'Content-Type': 'application/json', 'X-Frame-Options': 'SAMEORIGIN', 'Content-Length': '51'}
'10/28/2018 04:05:14 PM' - DEBUG - 响应内容   : {'status': 10021, 'message': 'eid cannot be empty'}
'10/28/2018 04:05:14 PM' - DEBUG - ###############################end Users case 10...################################
'10/28/2018 04:05:14 PM' - DEBUG - ##############################start Users case 11...###############################
'10/28/2018 04:05:14 PM' - DEBUG - 用例编号   ：get_guest_3 
'10/28/2018 04:05:14 PM' - DEBUG - 接口名称   : 查询嘉宾
'10/28/2018 04:05:14 PM' - DEBUG - 用例描述   : eid为空
'10/28/2018 04:05:14 PM' - DEBUG - 请求时间   : 2018/10/28 16:05:14
'10/28/2018 04:05:14 PM' - DEBUG - ---------------------- 请求信息 ----------------------
'10/28/2018 04:05:14 PM' - DEBUG - url        : http://192.168.102.111:8000/api/get_guest_list
'10/28/2018 04:05:14 PM' - DEBUG - method     : GET
'10/28/2018 04:05:14 PM' - DEBUG - header     : {'Accept': 'application/json, text/javascript, */*; q=0.01'}
'10/28/2018 04:05:14 PM' - DEBUG - cookie     : {}
'10/28/2018 04:05:14 PM' - DEBUG - 请求数据   : {'eid': None}
'10/28/2018 04:05:14 PM' - DEBUG - 断言设置   : [{'check': 'status', 'expect': 10021}, {'check': 'message', 'expect': 'eid cannot be empty'}]
'10/28/2018 04:05:14 PM' - DEBUG - 关联输出   : None
'10/28/2018 04:05:14 PM' - DEBUG - 关联引入   : None
'10/28/2018 04:05:14 PM' - DEBUG - ---------------------- 响应信息 ----------------------
'10/28/2018 04:05:14 PM' - DEBUG - 响应时间   : 2018/10/28 16:05:14
'10/28/2018 04:05:14 PM' - DEBUG - 响应耗时   : 6.00 ms
'10/28/2018 04:05:14 PM' - DEBUG - 响应码     : 200
'10/28/2018 04:05:14 PM' - DEBUG - 响应头     : {'Date': 'Sun, 28 Oct 2018 08:05:14 GMT', 'Server': 'WSGIServer/0.2 CPython/3.6.4', 'Content-Type': 'application/json', 'X-Frame-Options': 'SAMEORIGIN', 'Content-Length': '51'}
'10/28/2018 04:05:14 PM' - DEBUG - 响应内容   : {'status': 10021, 'message': 'eid cannot be empty'}
'10/28/2018 04:05:14 PM' - DEBUG - ###############################end Users case 11...################################
'10/28/2018 04:05:14 PM' - DEBUG - ##############################start Users case 12...###############################
'10/28/2018 04:05:14 PM' - DEBUG - 用例编号   ：get_guest_4 
'10/28/2018 04:05:14 PM' - DEBUG - 接口名称   : 查询嘉宾
'10/28/2018 04:05:14 PM' - DEBUG - 用例描述   : eid为空查询phone
'10/28/2018 04:05:14 PM' - DEBUG - 请求时间   : 2018/10/28 16:05:14
'10/28/2018 04:05:14 PM' - DEBUG - ---------------------- 请求信息 ----------------------
'10/28/2018 04:05:14 PM' - DEBUG - url        : http://192.168.102.111:8000/api/get_guest_list
'10/28/2018 04:05:14 PM' - DEBUG - method     : GET
'10/28/2018 04:05:14 PM' - DEBUG - header     : {'Accept': 'application/json, text/javascript, */*; q=0.01'}
'10/28/2018 04:05:14 PM' - DEBUG - cookie     : {}
'10/28/2018 04:05:14 PM' - DEBUG - 请求数据   : {'phone': None, 'phone2': None}
'10/28/2018 04:05:14 PM' - DEBUG - 断言设置   : [{'check': 'status', 'expect': 10021}, {'check': 'message', 'expect': 'eid cannot be empty'}]
'10/28/2018 04:05:14 PM' - DEBUG - 关联输出   : None
'10/28/2018 04:05:14 PM' - DEBUG - 关联引入   : [{'relyDataSrc': 'phone', 'relyDataDes': 'phone'}, {'relyDataSrc': 'phone', 'relyDataDes': 'phone2'}]
'10/28/2018 04:05:14 PM' - DEBUG - ---------------------- 响应信息 ----------------------
'10/28/2018 04:05:14 PM' - DEBUG - 响应时间   : 2018/10/28 16:05:14
'10/28/2018 04:05:14 PM' - DEBUG - 响应耗时   : 9.00 ms
'10/28/2018 04:05:14 PM' - DEBUG - 响应码     : 200
'10/28/2018 04:05:14 PM' - DEBUG - 响应头     : {'Date': 'Sun, 28 Oct 2018 08:05:14 GMT', 'Server': 'WSGIServer/0.2 CPython/3.6.4', 'Content-Type': 'application/json', 'X-Frame-Options': 'SAMEORIGIN', 'Content-Length': '51'}
'10/28/2018 04:05:14 PM' - DEBUG - 响应内容   : {'status': 10021, 'message': 'eid cannot be empty'}
'10/28/2018 04:05:14 PM' - DEBUG - ###############################end Users case 12...################################
'10/28/2018 04:05:14 PM' - DEBUG - ##############################start Users case 13...###############################
'10/28/2018 04:05:14 PM' - DEBUG - 用例编号   ：get_guest_5 
'10/28/2018 04:05:14 PM' - DEBUG - 接口名称   : 查询嘉宾
'10/28/2018 04:05:14 PM' - DEBUG - 用例描述   : eid存在phone为空
'10/28/2018 04:05:14 PM' - DEBUG - 请求时间   : 2018/10/28 16:05:14
'10/28/2018 04:05:14 PM' - DEBUG - ---------------------- 请求信息 ----------------------
'10/28/2018 04:05:14 PM' - DEBUG - url        : http://192.168.102.111:8000/api/get_guest_list
'10/28/2018 04:05:14 PM' - DEBUG - method     : GET
'10/28/2018 04:05:14 PM' - DEBUG - header     : {'Accept': 'application/json, text/javascript, */*; q=0.01'}
'10/28/2018 04:05:14 PM' - DEBUG - cookie     : {}
'10/28/2018 04:05:14 PM' - DEBUG - 请求数据   : {'eid': 19}
'10/28/2018 04:05:14 PM' - DEBUG - 断言设置   : [{'check': 'status', 'expect': 200}, {'check': 'message', 'expect': 'success'}]
'10/28/2018 04:05:14 PM' - DEBUG - 关联输出   : None
'10/28/2018 04:05:14 PM' - DEBUG - 关联引入   : None
'10/28/2018 04:05:14 PM' - DEBUG - ---------------------- 响应信息 ----------------------
'10/28/2018 04:05:14 PM' - DEBUG - 响应时间   : 2018/10/28 16:05:14
'10/28/2018 04:05:14 PM' - DEBUG - 响应耗时   : 33.00 ms
'10/28/2018 04:05:14 PM' - DEBUG - 响应码     : 200
'10/28/2018 04:05:14 PM' - DEBUG - 响应头     : {'Date': 'Sun, 28 Oct 2018 08:05:14 GMT', 'Server': 'WSGIServer/0.2 CPython/3.6.4', 'Content-Type': 'application/json', 'X-Frame-Options': 'SAMEORIGIN', 'Content-Length': '53'}
'10/28/2018 04:05:14 PM' - DEBUG - 响应内容   : {'status': 10022, 'message': 'query result is empty'}
'10/28/2018 04:05:14 PM' - ERROR - 错误信息   : 200 != 10022 : 预计结果不符:【status】预期结果【200】,实际结果【10022】
'10/28/2018 04:05:14 PM' - DEBUG - ###############################end Users case 13...################################
'10/28/2018 04:05:14 PM' - DEBUG - ##############################start Users case 14...###############################
'10/28/2018 04:05:14 PM' - DEBUG - 用例编号   ：get_guest_6 
'10/28/2018 04:05:14 PM' - DEBUG - 接口名称   : 查询嘉宾
'10/28/2018 04:05:14 PM' - DEBUG - 用例描述   : event状态不可用
'10/28/2018 04:05:14 PM' - DEBUG - 请求时间   : 2018/10/28 16:05:14
'10/28/2018 04:05:14 PM' - DEBUG - ---------------------- 请求信息 ----------------------
'10/28/2018 04:05:14 PM' - DEBUG - url        : http://192.168.102.111:8000/api/get_guest_list
'10/28/2018 04:05:14 PM' - DEBUG - method     : GET
'10/28/2018 04:05:14 PM' - DEBUG - header     : {'Accept': 'application/json, text/javascript, */*; q=0.01'}
'10/28/2018 04:05:14 PM' - DEBUG - cookie     : {}
'10/28/2018 04:05:14 PM' - DEBUG - 请求数据   : {'eid': 666}
'10/28/2018 04:05:14 PM' - DEBUG - 断言设置   : [{'check': 'status', 'expect': 10022}, {'check': 'message', 'expect': 'query result is empty'}]
'10/28/2018 04:05:14 PM' - DEBUG - 关联输出   : None
'10/28/2018 04:05:14 PM' - DEBUG - 关联引入   : None
'10/28/2018 04:05:15 PM' - DEBUG - ---------------------- 响应信息 ----------------------
'10/28/2018 04:05:15 PM' - DEBUG - 响应时间   : 2018/10/28 16:05:15
'10/28/2018 04:05:15 PM' - DEBUG - 响应耗时   : 25.00 ms
'10/28/2018 04:05:15 PM' - DEBUG - 响应码     : 200
'10/28/2018 04:05:15 PM' - DEBUG - 响应头     : {'Date': 'Sun, 28 Oct 2018 08:05:15 GMT', 'Server': 'WSGIServer/0.2 CPython/3.6.4', 'Content-Type': 'application/json', 'X-Frame-Options': 'SAMEORIGIN', 'Content-Length': '53'}
'10/28/2018 04:05:15 PM' - DEBUG - 响应内容   : {'status': 10022, 'message': 'query result is empty'}
'10/28/2018 04:05:15 PM' - DEBUG - ###############################end Users case 14...################################
'10/28/2018 04:05:15 PM' - DEBUG - ##############################start Users case 15...###############################
'10/28/2018 04:05:15 PM' - DEBUG - 用例编号   ：login_1 
'10/28/2018 04:05:15 PM' - DEBUG - 接口名称   : 用户登录
'10/28/2018 04:05:15 PM' - DEBUG - 用例描述   : 登录成功
'10/28/2018 04:05:15 PM' - DEBUG - 请求时间   : 2018/10/28 16:05:15
'10/28/2018 04:05:15 PM' - DEBUG - ---------------------- 请求信息 ----------------------
'10/28/2018 04:05:15 PM' - DEBUG - url        : http://192.168.102.111:8000/api/user_login
'10/28/2018 04:05:15 PM' - DEBUG - method     : POST
'10/28/2018 04:05:15 PM' - DEBUG - header     : {'Accept': 'application/json, text/javascript, */*; q=0.01'}
'10/28/2018 04:05:15 PM' - DEBUG - cookie     : {}
'10/28/2018 04:05:15 PM' - DEBUG - 请求数据   : {'username': 'admin', 'password': 'admin123456'}
'10/28/2018 04:05:15 PM' - DEBUG - 断言设置   : [{'check': 'status', 'expect': 200}, {'check': 'message', 'expect': 'login success'}]
'10/28/2018 04:05:15 PM' - DEBUG - 关联输出   : None
'10/28/2018 04:05:15 PM' - DEBUG - 关联引入   : None
'10/28/2018 04:05:15 PM' - DEBUG - ---------------------- 响应信息 ----------------------
'10/28/2018 04:05:15 PM' - DEBUG - 响应时间   : 2018/10/28 16:05:15
'10/28/2018 04:05:15 PM' - DEBUG - 响应耗时   : 5.00 ms
'10/28/2018 04:05:15 PM' - DEBUG - 响应码     : 200
'10/28/2018 04:05:15 PM' - DEBUG - 响应头     : {'Date': 'Sun, 28 Oct 2018 08:05:15 GMT', 'Server': 'WSGIServer/0.2 CPython/3.6.4', 'Content-Type': 'application/json', 'X-Frame-Options': 'SAMEORIGIN', 'Content-Length': '44'}
'10/28/2018 04:05:15 PM' - DEBUG - 响应内容   : {'status': 200, 'message': 'login success!'}
'10/28/2018 04:05:15 PM' - DEBUG - ###############################end Users case 15...################################
'10/28/2018 04:05:15 PM' - DEBUG - ##############################start Users case 16...###############################
'10/28/2018 04:05:15 PM' - DEBUG - 用例编号   ：login_2 
'10/28/2018 04:05:15 PM' - DEBUG - 接口名称   : 用户登录
'10/28/2018 04:05:15 PM' - DEBUG - 用例描述   : 用户名错误
'10/28/2018 04:05:15 PM' - DEBUG - 请求时间   : 2018/10/28 16:05:15
'10/28/2018 04:05:15 PM' - DEBUG - ---------------------- 请求信息 ----------------------
'10/28/2018 04:05:15 PM' - DEBUG - url        : http://192.168.102.111:8000/api/user_login
'10/28/2018 04:05:15 PM' - DEBUG - method     : POST
'10/28/2018 04:05:15 PM' - DEBUG - header     : {'Accept': 'application/json, text/javascript, */*; q=0.01'}
'10/28/2018 04:05:15 PM' - DEBUG - cookie     : {}
'10/28/2018 04:05:15 PM' - DEBUG - 请求数据   : {'username': 'test1234', 'password': 'admin123456'}
'10/28/2018 04:05:15 PM' - DEBUG - 断言设置   : [{'check': 'status', 'expect': 10023}, {'check': 'message', 'expect': 'username or password error'}]
'10/28/2018 04:05:15 PM' - DEBUG - 关联输出   : None
'10/28/2018 04:05:15 PM' - DEBUG - 关联引入   : None
'10/28/2018 04:05:15 PM' - DEBUG - ---------------------- 响应信息 ----------------------
'10/28/2018 04:05:15 PM' - DEBUG - 响应时间   : 2018/10/28 16:05:15
'10/28/2018 04:05:15 PM' - DEBUG - 响应耗时   : 7.00 ms
'10/28/2018 04:05:15 PM' - DEBUG - 响应码     : 200
'10/28/2018 04:05:15 PM' - DEBUG - 响应头     : {'Date': 'Sun, 28 Oct 2018 08:05:15 GMT', 'Server': 'WSGIServer/0.2 CPython/3.6.4', 'Content-Type': 'application/json', 'X-Frame-Options': 'SAMEORIGIN', 'Content-Length': '59'}
'10/28/2018 04:05:15 PM' - DEBUG - 响应内容   : {'status': 10023, 'message': 'username or password error!'}
'10/28/2018 04:05:15 PM' - DEBUG - ###############################end Users case 16...################################
'10/28/2018 04:05:15 PM' - DEBUG - ##############################start Users case 17...###############################
'10/28/2018 04:05:15 PM' - DEBUG - 用例编号   ：login_3 
'10/28/2018 04:05:15 PM' - DEBUG - 接口名称   : 用户登录
'10/28/2018 04:05:15 PM' - DEBUG - 用例描述   : 密码错误
'10/28/2018 04:05:15 PM' - DEBUG - 请求时间   : 2018/10/28 16:05:15
'10/28/2018 04:05:15 PM' - DEBUG - ---------------------- 请求信息 ----------------------
'10/28/2018 04:05:15 PM' - DEBUG - url        : http://192.168.102.111:8000/api/user_login
'10/28/2018 04:05:15 PM' - DEBUG - method     : POST
'10/28/2018 04:05:15 PM' - DEBUG - header     : {'Accept': 'application/json, text/javascript, */*; q=0.01'}
'10/28/2018 04:05:15 PM' - DEBUG - cookie     : {}
'10/28/2018 04:05:15 PM' - DEBUG - 请求数据   : {'username': 'admin', 'password': 'admin12345678'}
'10/28/2018 04:05:15 PM' - DEBUG - 断言设置   : [{'check': 'status', 'expect': 10023}, {'check': 'message', 'expect': 'username or password error'}]
'10/28/2018 04:05:15 PM' - DEBUG - 关联输出   : None
'10/28/2018 04:05:15 PM' - DEBUG - 关联引入   : None
'10/28/2018 04:05:15 PM' - DEBUG - ---------------------- 响应信息 ----------------------
'10/28/2018 04:05:15 PM' - DEBUG - 响应时间   : 2018/10/28 16:05:15
'10/28/2018 04:05:15 PM' - DEBUG - 响应耗时   : 5.00 ms
'10/28/2018 04:05:15 PM' - DEBUG - 响应码     : 200
'10/28/2018 04:05:15 PM' - DEBUG - 响应头     : {'Date': 'Sun, 28 Oct 2018 08:05:15 GMT', 'Server': 'WSGIServer/0.2 CPython/3.6.4', 'Content-Type': 'application/json', 'X-Frame-Options': 'SAMEORIGIN', 'Content-Length': '59'}
'10/28/2018 04:05:15 PM' - DEBUG - 响应内容   : {'status': 10023, 'message': 'username or password error!'}
'10/28/2018 04:05:15 PM' - DEBUG - ###############################end Users case 17...################################
'10/28/2018 04:05:15 PM' - DEBUG - ##############################start Users case 18...###############################
'10/28/2018 04:05:15 PM' - DEBUG - 用例编号   ：login_4 
'10/28/2018 04:05:15 PM' - DEBUG - 接口名称   : 用户登录
'10/28/2018 04:05:15 PM' - DEBUG - 用例描述   : 用户名为空
'10/28/2018 04:05:15 PM' - DEBUG - 请求时间   : 2018/10/28 16:05:15
'10/28/2018 04:05:15 PM' - DEBUG - ---------------------- 请求信息 ----------------------
'10/28/2018 04:05:15 PM' - DEBUG - url        : http://192.168.102.111:8000/api/user_login
'10/28/2018 04:05:15 PM' - DEBUG - method     : POST
'10/28/2018 04:05:15 PM' - DEBUG - header     : {'Accept': 'application/json, text/javascript, */*; q=0.01'}
'10/28/2018 04:05:15 PM' - DEBUG - cookie     : {}
'10/28/2018 04:05:15 PM' - DEBUG - 请求数据   : {'username': '', 'password': 'admin12345678'}
'10/28/2018 04:05:15 PM' - DEBUG - 断言设置   : [{'check': 'status', 'expect': 10021}, {'check': 'message', 'expect': 'username or password can not empty'}]
'10/28/2018 04:05:15 PM' - DEBUG - 关联输出   : None
'10/28/2018 04:05:15 PM' - DEBUG - 关联引入   : None
'10/28/2018 04:05:15 PM' - DEBUG - ---------------------- 响应信息 ----------------------
'10/28/2018 04:05:15 PM' - DEBUG - 响应时间   : 2018/10/28 16:05:15
'10/28/2018 04:05:15 PM' - DEBUG - 响应耗时   : 6.00 ms
'10/28/2018 04:05:15 PM' - DEBUG - 响应码     : 200
'10/28/2018 04:05:15 PM' - DEBUG - 响应头     : {'Date': 'Sun, 28 Oct 2018 08:05:15 GMT', 'Server': 'WSGIServer/0.2 CPython/3.6.4', 'Content-Type': 'application/json', 'X-Frame-Options': 'SAMEORIGIN', 'Content-Length': '67'}
'10/28/2018 04:05:15 PM' - DEBUG - 响应内容   : {'status': 10021, 'message': 'username or password can not empty!'}
'10/28/2018 04:05:15 PM' - DEBUG - ###############################end Users case 18...################################
'10/28/2018 04:05:15 PM' - DEBUG - ##############################start Users case 19...###############################
'10/28/2018 04:05:15 PM' - DEBUG - 用例编号   ：login_5 
'10/28/2018 04:05:15 PM' - DEBUG - 接口名称   : 用户登录
'10/28/2018 04:05:15 PM' - DEBUG - 用例描述   : 密码为空
'10/28/2018 04:05:15 PM' - DEBUG - 请求时间   : 2018/10/28 16:05:15
'10/28/2018 04:05:15 PM' - DEBUG - ---------------------- 请求信息 ----------------------
'10/28/2018 04:05:15 PM' - DEBUG - url        : http://192.168.102.111:8000/api/user_login
'10/28/2018 04:05:15 PM' - DEBUG - method     : POST
'10/28/2018 04:05:15 PM' - DEBUG - header     : {'Accept': 'application/json, text/javascript, */*; q=0.01'}
'10/28/2018 04:05:15 PM' - DEBUG - cookie     : {}
'10/28/2018 04:05:15 PM' - DEBUG - 请求数据   : {'username': 'admin', 'password': ''}
'10/28/2018 04:05:15 PM' - DEBUG - 断言设置   : [{'check': 'status', 'expect': 10021}, {'check': 'message', 'expect': 'username or password can not empty'}]
'10/28/2018 04:05:15 PM' - DEBUG - 关联输出   : None
'10/28/2018 04:05:15 PM' - DEBUG - 关联引入   : None
'10/28/2018 04:05:15 PM' - DEBUG - ---------------------- 响应信息 ----------------------
'10/28/2018 04:05:15 PM' - DEBUG - 响应时间   : 2018/10/28 16:05:15
'10/28/2018 04:05:15 PM' - DEBUG - 响应耗时   : 6.00 ms
'10/28/2018 04:05:15 PM' - DEBUG - 响应码     : 200
'10/28/2018 04:05:15 PM' - DEBUG - 响应头     : {'Date': 'Sun, 28 Oct 2018 08:05:15 GMT', 'Server': 'WSGIServer/0.2 CPython/3.6.4', 'Content-Type': 'application/json', 'X-Frame-Options': 'SAMEORIGIN', 'Content-Length': '67'}
'10/28/2018 04:05:15 PM' - DEBUG - 响应内容   : {'status': 10021, 'message': 'username or password can not empty!'}
'10/28/2018 04:05:15 PM' - DEBUG - ###############################end Users case 19...################################
'10/28/2018 04:05:15 PM' - DEBUG - ##############################start Users case 20...###############################
'10/28/2018 04:05:15 PM' - DEBUG - 跳过用例   ：login_6(参数为空)
'10/28/2018 04:05:15 PM' - DEBUG - ###############################end Users case 20...################################
'10/28/2018 04:05:15 PM' - INFO - %%%%%%%%%%%%%%%%%%%%%%%%%%%%%%%%%%%%%%%%%%%%%% 测试结果统计 %%%%%%%%%%%%%%%%%%%%%%%%%%%%%%%%%%%%%%%%%%%%%%
'10/28/2018 04:05:15 PM' - INFO - testPass:23
'10/28/2018 04:05:15 PM' - INFO - testName:接口自动化测试
'10/28/2018 04:05:15 PM' - INFO - testAll:29
'10/28/2018 04:05:15 PM' - INFO - testFail:3
'10/28/2018 04:05:15 PM' - INFO - beginTime:2018-10-28 16:05:14
'10/28/2018 04:05:15 PM' - INFO - totalTime:1s
'10/28/2018 04:05:15 PM' - INFO - testSkip:3
'10/28/2018 04:05:15 PM' - INFO - testError:0
'10/28/2018 04:05:15 PM' - INFO - %%%%%%%%%%%%%%%%%%%%%%%%%%%%%%%%%%%%%%%%%%%%%% 测试结果统计 %%%%%%%%%%%%%%%%%%%%%%%%%%%%%%%%%%%%%%%%%%%%%%
